2024-02-04 20:12:03.275 [info] Log level: Info
2024-02-04 20:12:03.275 [info] Validating found git in: "git"
2024-02-04 20:12:03.275 [info] Using git "2.43.0" from "git"
2024-02-04 20:12:03.275 [info] > git rev-parse --show-toplevel [14ms]
2024-02-04 20:12:03.275 [info] fatal: not a git repository (or any parent up to mount point /)
Stopping at filesystem boundary (GIT_DISCOVERY_ACROSS_FILESYSTEM not set).
2024-02-04 20:12:03.275 [info] > git rev-parse --show-toplevel [20ms]
2024-02-04 20:12:03.275 [info] fatal: not a git repository (or any parent up to mount point /)
Stopping at filesystem boundary (GIT_DISCOVERY_ACROSS_FILESYSTEM not set).
2024-02-04 20:12:03.275 [info] > git rev-parse --show-toplevel [4ms]
2024-02-04 20:12:03.275 [info] fatal: not a git repository (or any parent up to mount point /)
Stopping at filesystem boundary (GIT_DISCOVERY_ACROSS_FILESYSTEM not set).
2024-02-04 20:12:03.345 [info] > git rev-parse --show-toplevel [55ms]
2024-02-04 20:12:03.345 [info] fatal: not a git repository (or any parent up to mount point /)
Stopping at filesystem boundary (GIT_DISCOVERY_ACROSS_FILESYSTEM not set).
2024-02-04 20:12:03.402 [info] > git rev-parse --show-toplevel [38ms]
2024-02-04 20:12:03.402 [info] fatal: not a git repository (or any parent up to mount point /)
Stopping at filesystem boundary (GIT_DISCOVERY_ACROSS_FILESYSTEM not set).
2024-02-04 20:12:03.422 [info] > git rev-parse --show-toplevel [6ms]
2024-02-04 20:12:03.422 [info] fatal: not a git repository (or any parent up to mount point /)
Stopping at filesystem boundary (GIT_DISCOVERY_ACROSS_FILESYSTEM not set).
2024-02-04 20:12:03.450 [info] > git rev-parse --show-toplevel [6ms]
2024-02-04 20:12:03.450 [info] fatal: not a git repository (or any parent up to mount point /)
Stopping at filesystem boundary (GIT_DISCOVERY_ACROSS_FILESYSTEM not set).
2024-02-04 20:12:03.488 [info] > git rev-parse --show-toplevel [7ms]
2024-02-04 20:12:03.488 [info] fatal: not a git repository (or any parent up to mount point /)
Stopping at filesystem boundary (GIT_DISCOVERY_ACROSS_FILESYSTEM not set).
2024-02-04 20:12:03.510 [info] > git rev-parse --show-toplevel [3ms]
2024-02-04 20:12:03.510 [info] fatal: not a git repository (or any parent up to mount point /)
Stopping at filesystem boundary (GIT_DISCOVERY_ACROSS_FILESYSTEM not set).
2024-02-04 20:12:03.531 [info] > git rev-parse --show-toplevel [3ms]
2024-02-04 20:12:03.531 [info] fatal: not a git repository (or any parent up to mount point /)
Stopping at filesystem boundary (GIT_DISCOVERY_ACROSS_FILESYSTEM not set).
2024-02-04 20:12:03.558 [info] > git rev-parse --show-toplevel [5ms]
2024-02-04 20:12:03.558 [info] fatal: not a git repository (or any parent up to mount point /)
Stopping at filesystem boundary (GIT_DISCOVERY_ACROSS_FILESYSTEM not set).
2024-02-04 20:12:03.581 [info] > git rev-parse --show-toplevel [3ms]
2024-02-04 20:12:03.581 [info] fatal: not a git repository (or any parent up to mount point /)
Stopping at filesystem boundary (GIT_DISCOVERY_ACROSS_FILESYSTEM not set).
2024-02-04 20:12:03.599 [info] > git rev-parse --show-toplevel [4ms]
2024-02-04 20:12:03.599 [info] fatal: not a git repository (or any parent up to mount point /)
Stopping at filesystem boundary (GIT_DISCOVERY_ACROSS_FILESYSTEM not set).
2024-02-04 20:12:03.623 [info] > git rev-parse --show-toplevel [4ms]
2024-02-04 20:12:03.623 [info] fatal: not a git repository (or any parent up to mount point /)
Stopping at filesystem boundary (GIT_DISCOVERY_ACROSS_FILESYSTEM not set).
2024-02-04 20:12:03.645 [info] > git rev-parse --show-toplevel [4ms]
2024-02-04 20:12:03.645 [info] fatal: not a git repository (or any parent up to mount point /)
Stopping at filesystem boundary (GIT_DISCOVERY_ACROSS_FILESYSTEM not set).
2024-02-04 20:12:03.666 [info] > git rev-parse --show-toplevel [4ms]
2024-02-04 20:12:03.666 [info] fatal: not a git repository (or any parent up to mount point /)
Stopping at filesystem boundary (GIT_DISCOVERY_ACROSS_FILESYSTEM not set).
2024-02-04 20:12:03.688 [info] > git rev-parse --show-toplevel [5ms]
2024-02-04 20:12:03.689 [info] fatal: not a git repository (or any parent up to mount point /)
Stopping at filesystem boundary (GIT_DISCOVERY_ACROSS_FILESYSTEM not set).
2024-02-04 20:12:03.706 [info] > git rev-parse --show-toplevel [3ms]
2024-02-04 20:12:03.706 [info] fatal: not a git repository (or any parent up to mount point /)
Stopping at filesystem boundary (GIT_DISCOVERY_ACROSS_FILESYSTEM not set).
2024-02-04 20:12:03.723 [info] > git rev-parse --show-toplevel [4ms]
2024-02-04 20:12:03.723 [info] fatal: not a git repository (or any parent up to mount point /)
Stopping at filesystem boundary (GIT_DISCOVERY_ACROSS_FILESYSTEM not set).
2024-02-04 20:12:03.754 [info] > git rev-parse --show-toplevel [5ms]
2024-02-04 20:12:03.754 [info] fatal: not a git repository (or any parent up to mount point /)
Stopping at filesystem boundary (GIT_DISCOVERY_ACROSS_FILESYSTEM not set).
2024-02-04 20:12:03.784 [info] > git rev-parse --show-toplevel [7ms]
2024-02-04 20:12:03.784 [info] fatal: not a git repository (or any parent up to mount point /)
Stopping at filesystem boundary (GIT_DISCOVERY_ACROSS_FILESYSTEM not set).
2024-02-04 20:12:03.816 [info] > git rev-parse --show-toplevel [7ms]
2024-02-04 20:12:03.816 [info] fatal: not a git repository (or any parent up to mount point /)
Stopping at filesystem boundary (GIT_DISCOVERY_ACROSS_FILESYSTEM not set).
2024-02-04 20:12:03.872 [info] > git rev-parse --show-toplevel [3ms]
2024-02-04 20:12:03.872 [info] fatal: not a git repository (or any parent up to mount point /)
Stopping at filesystem boundary (GIT_DISCOVERY_ACROSS_FILESYSTEM not set).
2024-02-04 20:12:03.895 [info] > git rev-parse --show-toplevel [4ms]
2024-02-04 20:12:03.895 [info] fatal: not a git repository (or any parent up to mount point /)
Stopping at filesystem boundary (GIT_DISCOVERY_ACROSS_FILESYSTEM not set).
2024-02-04 20:12:03.921 [info] > git rev-parse --show-toplevel [5ms]
2024-02-04 20:12:03.921 [info] fatal: not a git repository (or any parent up to mount point /)
Stopping at filesystem boundary (GIT_DISCOVERY_ACROSS_FILESYSTEM not set).
2024-02-04 20:12:03.943 [info] > git rev-parse --show-toplevel [3ms]
2024-02-04 20:12:03.943 [info] fatal: not a git repository (or any parent up to mount point /)
Stopping at filesystem boundary (GIT_DISCOVERY_ACROSS_FILESYSTEM not set).
2024-02-04 20:12:04.127 [info] > git rev-parse --show-toplevel [2ms]
2024-02-04 20:12:04.127 [info] fatal: not a git repository (or any parent up to mount point /)
Stopping at filesystem boundary (GIT_DISCOVERY_ACROSS_FILESYSTEM not set).
2024-02-04 20:13:26.580 [info] > git rev-parse --show-toplevel [13ms]
2024-02-04 20:13:26.580 [info] fatal: not a git repository (or any parent up to mount point /)
Stopping at filesystem boundary (GIT_DISCOVERY_ACROSS_FILESYSTEM not set).
2024-02-04 20:14:01.029 [info] > git rev-parse --show-toplevel [4ms]
2024-02-04 20:14:01.029 [info] fatal: not a git repository (or any parent up to mount point /)
Stopping at filesystem boundary (GIT_DISCOVERY_ACROSS_FILESYSTEM not set).
