2024-02-04 20:16:17.724 [info] Extension host with pid 190022 started
2024-02-04 20:16:17.725 [info] Skipping acquiring lock for /home/squarewinter/.config/VSCodium/User/workspaceStorage/359368e474050d65a3f762fd11200880.
2024-02-04 20:16:17.818 [info] ExtensionService#_doActivateExtension vscode.git-base, startup: true, activationEvent: '*', root cause: vscode.git
2024-02-04 20:16:17.824 [info] ExtensionService#_doActivateExtension dlasagno.wal-theme, startup: true, activationEvent: '*'
2024-02-04 20:16:17.917 [info] ExtensionService#_doActivateExtension vscode.git, startup: true, activationEvent: '*'
2024-02-04 20:16:17.967 [info] ExtensionService#_doActivateExtension vscode.github, startup: true, activationEvent: '*'
2024-02-04 20:16:18.035 [info] Eager extensions activated
2024-02-04 20:16:18.078 [info] ExtensionService#_doActivateExtension vscode.debug-auto-launch, startup: false, activationEvent: 'onStartupFinished'
2024-02-04 20:16:18.082 [info] ExtensionService#_doActivateExtension vscode.merge-conflict, startup: false, activationEvent: 'onStartupFinished'
2024-02-04 20:16:18.092 [info] ExtensionService#_doActivateExtension PKief.material-icon-theme, startup: false, activationEvent: 'onStartupFinished'
2024-02-04 20:16:40.689 [info] ExtensionService#_doActivateExtension Dart-Code.dart-code, startup: false, activationEvent: 'onCommand:flutter.createProject'
2024-02-04 20:17:26.481 [info] Extension host terminating: renderer closed the MessagePort
2024-02-04 20:17:26.523 [error] Canceled: Canceled
	at new m (/usr/share/vscodium/resources/app/out/vs/workbench/api/node/extensionHostProcess.js:141:121511)
	at u._remoteCall (/usr/share/vscodium/resources/app/out/vs/workbench/api/node/extensionHostProcess.js:150:13781)
	at P.<computed>.x.charCodeAt.P.<computed> (/usr/share/vscodium/resources/app/out/vs/workbench/api/node/extensionHostProcess.js:150:10333)
	at h._doExecuteCommand (/usr/share/vscodium/resources/app/out/vs/workbench/api/node/extensionHostProcess.js:141:158052)
	at h.executeCommand (/usr/share/vscodium/resources/app/out/vs/workbench/api/node/extensionHostProcess.js:141:157377)
	at b.registerCommand.description (/usr/share/vscodium/resources/app/out/vs/workbench/api/node/extensionHostProcess.js:141:156621)
	at h._executeContributedCommand (/usr/share/vscodium/resources/app/out/vs/workbench/api/node/extensionHostProcess.js:141:158690)
	at h._doExecuteCommand (/usr/share/vscodium/resources/app/out/vs/workbench/api/node/extensionHostProcess.js:141:157510)
	at h.executeCommand (/usr/share/vscodium/resources/app/out/vs/workbench/api/node/extensionHostProcess.js:141:157377)
	at Object.executeCommand (/usr/share/vscodium/resources/app/out/vs/workbench/api/node/extensionHostProcess.js:158:27516)
	at setCommandVisiblity (/home/squarewinter/.vscode-oss/extensions/dart-code.dart-code-3.82.0-universal/out/dist/extension.js:13901:22)
	at Object.<anonymous> (/home/squarewinter/.vscode-oss/extensions/dart-code.dart-code-3.82.0-universal/out/dist/extension.js:13883:9)
	at Generator.next (<anonymous>)
	at /home/squarewinter/.vscode-oss/extensions/dart-code.dart-code-3.82.0-universal/out/dist/extension.js:13020:71
	at new Promise (<anonymous>)
	at __webpack_modules__.1892.__awaiter (/home/squarewinter/.vscode-oss/extensions/dart-code.dart-code-3.82.0-universal/out/dist/extension.js:13016:12)
	at Object.deactivate (/home/squarewinter/.vscode-oss/extensions/dart-code.dart-code-3.82.0-universal/out/dist/extension.js:13882:12)
	at f._deactivate (/usr/share/vscodium/resources/app/out/vs/workbench/api/node/extensionHostProcess.js:154:12650)
	at /usr/share/vscodium/resources/app/out/vs/workbench/api/node/extensionHostProcess.js:154:10120
	at Array.map (<anonymous>)
	at f._deactivateAll (/usr/share/vscodium/resources/app/out/vs/workbench/api/node/extensionHostProcess.js:154:10107)
	at f.terminate (/usr/share/vscodium/resources/app/out/vs/workbench/api/node/extensionHostProcess.js:154:10490)
	at s.terminate (/usr/share/vscodium/resources/app/out/vs/workbench/api/node/extensionHostProcess.js:158:1908)
	at a (/usr/share/vscodium/resources/app/out/vs/workbench/api/node/extensionHostProcess.js:171:11536)
	at MessagePortMain.<anonymous> (/usr/share/vscodium/resources/app/out/vs/workbench/api/node/extensionHostProcess.js:171:7611)
	at MessagePortMain.emit (node:events:513:28)
	at MessagePortMain._internalPort.emit (node:electron/js2c/utility_init:2:367) setContext undefined
2024-02-04 20:17:26.524 [error] Canceled: Canceled
	at new m (/usr/share/vscodium/resources/app/out/vs/workbench/api/node/extensionHostProcess.js:141:121511)
	at u._remoteCall (/usr/share/vscodium/resources/app/out/vs/workbench/api/node/extensionHostProcess.js:150:13781)
	at P.<computed>.x.charCodeAt.P.<computed> (/usr/share/vscodium/resources/app/out/vs/workbench/api/node/extensionHostProcess.js:150:10333)
	at h._doExecuteCommand (/usr/share/vscodium/resources/app/out/vs/workbench/api/node/extensionHostProcess.js:141:158052)
	at h.executeCommand (/usr/share/vscodium/resources/app/out/vs/workbench/api/node/extensionHostProcess.js:141:157377)
	at b.registerCommand.description (/usr/share/vscodium/resources/app/out/vs/workbench/api/node/extensionHostProcess.js:141:156621)
	at h._executeContributedCommand (/usr/share/vscodium/resources/app/out/vs/workbench/api/node/extensionHostProcess.js:141:158690)
	at h._doExecuteCommand (/usr/share/vscodium/resources/app/out/vs/workbench/api/node/extensionHostProcess.js:141:157510)
	at h.executeCommand (/usr/share/vscodium/resources/app/out/vs/workbench/api/node/extensionHostProcess.js:141:157377)
	at Object.executeCommand (/usr/share/vscodium/resources/app/out/vs/workbench/api/node/extensionHostProcess.js:158:27516)
	at setCommandVisiblity (/home/squarewinter/.vscode-oss/extensions/dart-code.dart-code-3.82.0-universal/out/dist/extension.js:13902:22)
	at Object.<anonymous> (/home/squarewinter/.vscode-oss/extensions/dart-code.dart-code-3.82.0-universal/out/dist/extension.js:13883:9)
	at Generator.next (<anonymous>)
	at /home/squarewinter/.vscode-oss/extensions/dart-code.dart-code-3.82.0-universal/out/dist/extension.js:13020:71
	at new Promise (<anonymous>)
	at __webpack_modules__.1892.__awaiter (/home/squarewinter/.vscode-oss/extensions/dart-code.dart-code-3.82.0-universal/out/dist/extension.js:13016:12)
	at Object.deactivate (/home/squarewinter/.vscode-oss/extensions/dart-code.dart-code-3.82.0-universal/out/dist/extension.js:13882:12)
	at f._deactivate (/usr/share/vscodium/resources/app/out/vs/workbench/api/node/extensionHostProcess.js:154:12650)
	at /usr/share/vscodium/resources/app/out/vs/workbench/api/node/extensionHostProcess.js:154:10120
	at Array.map (<anonymous>)
	at f._deactivateAll (/usr/share/vscodium/resources/app/out/vs/workbench/api/node/extensionHostProcess.js:154:10107)
	at f.terminate (/usr/share/vscodium/resources/app/out/vs/workbench/api/node/extensionHostProcess.js:154:10490)
	at s.terminate (/usr/share/vscodium/resources/app/out/vs/workbench/api/node/extensionHostProcess.js:158:1908)
	at a (/usr/share/vscodium/resources/app/out/vs/workbench/api/node/extensionHostProcess.js:171:11536)
	at MessagePortMain.<anonymous> (/usr/share/vscodium/resources/app/out/vs/workbench/api/node/extensionHostProcess.js:171:7611)
	at MessagePortMain.emit (node:events:513:28)
	at MessagePortMain._internalPort.emit (node:electron/js2c/utility_init:2:367) setContext undefined
2024-02-04 20:17:26.524 [error] Canceled: Canceled
	at new m (/usr/share/vscodium/resources/app/out/vs/workbench/api/node/extensionHostProcess.js:141:121511)
	at u._remoteCall (/usr/share/vscodium/resources/app/out/vs/workbench/api/node/extensionHostProcess.js:150:13781)
	at P.<computed>.x.charCodeAt.P.<computed> (/usr/share/vscodium/resources/app/out/vs/workbench/api/node/extensionHostProcess.js:150:10333)
	at h._doExecuteCommand (/usr/share/vscodium/resources/app/out/vs/workbench/api/node/extensionHostProcess.js:141:158052)
	at h.executeCommand (/usr/share/vscodium/resources/app/out/vs/workbench/api/node/extensionHostProcess.js:141:157377)
	at b.registerCommand.description (/usr/share/vscodium/resources/app/out/vs/workbench/api/node/extensionHostProcess.js:141:156621)
	at h._executeContributedCommand (/usr/share/vscodium/resources/app/out/vs/workbench/api/node/extensionHostProcess.js:141:158690)
	at h._doExecuteCommand (/usr/share/vscodium/resources/app/out/vs/workbench/api/node/extensionHostProcess.js:141:157510)
	at h.executeCommand (/usr/share/vscodium/resources/app/out/vs/workbench/api/node/extensionHostProcess.js:141:157377)
	at Object.executeCommand (/usr/share/vscodium/resources/app/out/vs/workbench/api/node/extensionHostProcess.js:158:27516)
	at setCommandVisiblity (/home/squarewinter/.vscode-oss/extensions/dart-code.dart-code-3.82.0-universal/out/dist/extension.js:13903:22)
	at Object.<anonymous> (/home/squarewinter/.vscode-oss/extensions/dart-code.dart-code-3.82.0-universal/out/dist/extension.js:13883:9)
	at Generator.next (<anonymous>)
	at /home/squarewinter/.vscode-oss/extensions/dart-code.dart-code-3.82.0-universal/out/dist/extension.js:13020:71
	at new Promise (<anonymous>)
	at __webpack_modules__.1892.__awaiter (/home/squarewinter/.vscode-oss/extensions/dart-code.dart-code-3.82.0-universal/out/dist/extension.js:13016:12)
	at Object.deactivate (/home/squarewinter/.vscode-oss/extensions/dart-code.dart-code-3.82.0-universal/out/dist/extension.js:13882:12)
	at f._deactivate (/usr/share/vscodium/resources/app/out/vs/workbench/api/node/extensionHostProcess.js:154:12650)
	at /usr/share/vscodium/resources/app/out/vs/workbench/api/node/extensionHostProcess.js:154:10120
	at Array.map (<anonymous>)
	at f._deactivateAll (/usr/share/vscodium/resources/app/out/vs/workbench/api/node/extensionHostProcess.js:154:10107)
	at f.terminate (/usr/share/vscodium/resources/app/out/vs/workbench/api/node/extensionHostProcess.js:154:10490)
	at s.terminate (/usr/share/vscodium/resources/app/out/vs/workbench/api/node/extensionHostProcess.js:158:1908)
	at a (/usr/share/vscodium/resources/app/out/vs/workbench/api/node/extensionHostProcess.js:171:11536)
	at MessagePortMain.<anonymous> (/usr/share/vscodium/resources/app/out/vs/workbench/api/node/extensionHostProcess.js:171:7611)
	at MessagePortMain.emit (node:events:513:28)
	at MessagePortMain._internalPort.emit (node:electron/js2c/utility_init:2:367) setContext undefined
2024-02-04 20:17:26.524 [error] Canceled: Canceled
	at new m (/usr/share/vscodium/resources/app/out/vs/workbench/api/node/extensionHostProcess.js:141:121511)
	at u._remoteCall (/usr/share/vscodium/resources/app/out/vs/workbench/api/node/extensionHostProcess.js:150:13781)
	at P.<computed>.x.charCodeAt.P.<computed> (/usr/share/vscodium/resources/app/out/vs/workbench/api/node/extensionHostProcess.js:150:10333)
	at h._doExecuteCommand (/usr/share/vscodium/resources/app/out/vs/workbench/api/node/extensionHostProcess.js:141:158052)
	at h.executeCommand (/usr/share/vscodium/resources/app/out/vs/workbench/api/node/extensionHostProcess.js:141:157377)
	at b.registerCommand.description (/usr/share/vscodium/resources/app/out/vs/workbench/api/node/extensionHostProcess.js:141:156621)
	at h._executeContributedCommand (/usr/share/vscodium/resources/app/out/vs/workbench/api/node/extensionHostProcess.js:141:158690)
	at h._doExecuteCommand (/usr/share/vscodium/resources/app/out/vs/workbench/api/node/extensionHostProcess.js:141:157510)
	at h.executeCommand (/usr/share/vscodium/resources/app/out/vs/workbench/api/node/extensionHostProcess.js:141:157377)
	at Object.executeCommand (/usr/share/vscodium/resources/app/out/vs/workbench/api/node/extensionHostProcess.js:158:27516)
	at setCommandVisiblity (/home/squarewinter/.vscode-oss/extensions/dart-code.dart-code-3.82.0-universal/out/dist/extension.js:13904:22)
	at Object.<anonymous> (/home/squarewinter/.vscode-oss/extensions/dart-code.dart-code-3.82.0-universal/out/dist/extension.js:13883:9)
	at Generator.next (<anonymous>)
	at /home/squarewinter/.vscode-oss/extensions/dart-code.dart-code-3.82.0-universal/out/dist/extension.js:13020:71
	at new Promise (<anonymous>)
	at __webpack_modules__.1892.__awaiter (/home/squarewinter/.vscode-oss/extensions/dart-code.dart-code-3.82.0-universal/out/dist/extension.js:13016:12)
	at Object.deactivate (/home/squarewinter/.vscode-oss/extensions/dart-code.dart-code-3.82.0-universal/out/dist/extension.js:13882:12)
	at f._deactivate (/usr/share/vscodium/resources/app/out/vs/workbench/api/node/extensionHostProcess.js:154:12650)
	at /usr/share/vscodium/resources/app/out/vs/workbench/api/node/extensionHostProcess.js:154:10120
	at Array.map (<anonymous>)
	at f._deactivateAll (/usr/share/vscodium/resources/app/out/vs/workbench/api/node/extensionHostProcess.js:154:10107)
	at f.terminate (/usr/share/vscodium/resources/app/out/vs/workbench/api/node/extensionHostProcess.js:154:10490)
	at s.terminate (/usr/share/vscodium/resources/app/out/vs/workbench/api/node/extensionHostProcess.js:158:1908)
	at a (/usr/share/vscodium/resources/app/out/vs/workbench/api/node/extensionHostProcess.js:171:11536)
	at MessagePortMain.<anonymous> (/usr/share/vscodium/resources/app/out/vs/workbench/api/node/extensionHostProcess.js:171:7611)
	at MessagePortMain.emit (node:events:513:28)
	at MessagePortMain._internalPort.emit (node:electron/js2c/utility_init:2:367) setContext undefined
2024-02-04 20:17:26.526 [error] Canceled: Canceled
	at new m (/usr/share/vscodium/resources/app/out/vs/workbench/api/node/extensionHostProcess.js:141:121511)
	at u._remoteCall (/usr/share/vscodium/resources/app/out/vs/workbench/api/node/extensionHostProcess.js:150:13781)
	at P.<computed>.x.charCodeAt.P.<computed> (/usr/share/vscodium/resources/app/out/vs/workbench/api/node/extensionHostProcess.js:150:10333)
	at h._doExecuteCommand (/usr/share/vscodium/resources/app/out/vs/workbench/api/node/extensionHostProcess.js:141:158052)
	at h.executeCommand (/usr/share/vscodium/resources/app/out/vs/workbench/api/node/extensionHostProcess.js:141:157377)
	at b.registerCommand.description (/usr/share/vscodium/resources/app/out/vs/workbench/api/node/extensionHostProcess.js:141:156621)
	at h._executeContributedCommand (/usr/share/vscodium/resources/app/out/vs/workbench/api/node/extensionHostProcess.js:141:158690)
	at h._doExecuteCommand (/usr/share/vscodium/resources/app/out/vs/workbench/api/node/extensionHostProcess.js:141:157510)
	at h.executeCommand (/usr/share/vscodium/resources/app/out/vs/workbench/api/node/extensionHostProcess.js:141:157377)
	at Object.executeCommand (/usr/share/vscodium/resources/app/out/vs/workbench/api/node/extensionHostProcess.js:158:27516)
	at Object.<anonymous> (/home/squarewinter/.vscode-oss/extensions/dart-code.dart-code-3.82.0-universal/out/dist/extension.js:13890:26)
	at Generator.next (<anonymous>)
	at fulfilled (/home/squarewinter/.vscode-oss/extensions/dart-code.dart-code-3.82.0-universal/out/dist/extension.js:13017:58) setContext undefined
2024-02-04 20:17:26.526 [error] Canceled: Canceled
	at new m (/usr/share/vscodium/resources/app/out/vs/workbench/api/node/extensionHostProcess.js:141:121511)
	at u._remoteCall (/usr/share/vscodium/resources/app/out/vs/workbench/api/node/extensionHostProcess.js:150:13781)
	at P.<computed>.x.charCodeAt.P.<computed> (/usr/share/vscodium/resources/app/out/vs/workbench/api/node/extensionHostProcess.js:150:10333)
	at h._doExecuteCommand (/usr/share/vscodium/resources/app/out/vs/workbench/api/node/extensionHostProcess.js:141:158052)
	at h.executeCommand (/usr/share/vscodium/resources/app/out/vs/workbench/api/node/extensionHostProcess.js:141:157377)
	at b.registerCommand.description (/usr/share/vscodium/resources/app/out/vs/workbench/api/node/extensionHostProcess.js:141:156621)
	at h._executeContributedCommand (/usr/share/vscodium/resources/app/out/vs/workbench/api/node/extensionHostProcess.js:141:158690)
	at h._doExecuteCommand (/usr/share/vscodium/resources/app/out/vs/workbench/api/node/extensionHostProcess.js:141:157510)
	at h.executeCommand (/usr/share/vscodium/resources/app/out/vs/workbench/api/node/extensionHostProcess.js:141:157377)
	at Object.executeCommand (/usr/share/vscodium/resources/app/out/vs/workbench/api/node/extensionHostProcess.js:158:27516)
	at Object.<anonymous> (/home/squarewinter/.vscode-oss/extensions/dart-code.dart-code-3.82.0-universal/out/dist/extension.js:13892:30)
	at Generator.next (<anonymous>)
	at fulfilled (/home/squarewinter/.vscode-oss/extensions/dart-code.dart-code-3.82.0-universal/out/dist/extension.js:13017:58) setContext undefined
2024-02-04 20:17:26.526 [error] Canceled: Canceled
	at new m (/usr/share/vscodium/resources/app/out/vs/workbench/api/node/extensionHostProcess.js:141:121511)
	at u._remoteCall (/usr/share/vscodium/resources/app/out/vs/workbench/api/node/extensionHostProcess.js:150:13781)
	at P.<computed>.x.charCodeAt.P.<computed> (/usr/share/vscodium/resources/app/out/vs/workbench/api/node/extensionHostProcess.js:150:10333)
	at h._doExecuteCommand (/usr/share/vscodium/resources/app/out/vs/workbench/api/node/extensionHostProcess.js:141:158052)
	at h.executeCommand (/usr/share/vscodium/resources/app/out/vs/workbench/api/node/extensionHostProcess.js:141:157377)
	at b.registerCommand.description (/usr/share/vscodium/resources/app/out/vs/workbench/api/node/extensionHostProcess.js:141:156621)
	at h._executeContributedCommand (/usr/share/vscodium/resources/app/out/vs/workbench/api/node/extensionHostProcess.js:141:158690)
	at h._doExecuteCommand (/usr/share/vscodium/resources/app/out/vs/workbench/api/node/extensionHostProcess.js:141:157510)
	at h.executeCommand (/usr/share/vscodium/resources/app/out/vs/workbench/api/node/extensionHostProcess.js:141:157377)
	at Object.executeCommand (/usr/share/vscodium/resources/app/out/vs/workbench/api/node/extensionHostProcess.js:158:27516)
	at Object.<anonymous> (/home/squarewinter/.vscode-oss/extensions/dart-code.dart-code-3.82.0-universal/out/dist/extension.js:13893:30)
	at Generator.next (<anonymous>)
	at fulfilled (/home/squarewinter/.vscode-oss/extensions/dart-code.dart-code-3.82.0-universal/out/dist/extension.js:13017:58) setContext undefined
2024-02-04 20:17:26.526 [info] Extension host with pid 190022 exiting with code 0
2024-02-04 20:17:29.524 [info] Extension host with pid 190227 started
2024-02-04 20:17:29.524 [info] Skipping acquiring lock for /home/squarewinter/.config/VSCodium/User/workspaceStorage/41c26e8965d8dcb9ecaf257b57cf09da.
2024-02-04 20:17:29.591 [info] ExtensionService#_doActivateExtension vscode.git-base, startup: true, activationEvent: '*', root cause: vscode.git
2024-02-04 20:17:29.596 [info] ExtensionService#_doActivateExtension dlasagno.wal-theme, startup: true, activationEvent: '*'
2024-02-04 20:17:29.647 [info] ExtensionService#_doActivateExtension Dart-Code.dart-code, startup: true, activationEvent: 'workspaceContains:flutter.create'
2024-02-04 20:17:29.817 [info] ExtensionService#_doActivateExtension vscode.git, startup: true, activationEvent: '*'
2024-02-04 20:17:29.873 [info] ExtensionService#_doActivateExtension vscode.github, startup: true, activationEvent: '*'
2024-02-04 20:17:34.779 [info] Eager extensions activated
2024-02-04 20:17:34.843 [info] ExtensionService#_doActivateExtension Dart-Code.flutter, startup: false, activationEvent: 'api', root cause: Dart-Code.dart-code
2024-02-04 20:17:34.861 [info] ExtensionService#_doActivateExtension vscode.debug-auto-launch, startup: false, activationEvent: 'onStartupFinished'
2024-02-04 20:17:34.869 [info] ExtensionService#_doActivateExtension vscode.merge-conflict, startup: false, activationEvent: 'onStartupFinished'
2024-02-04 20:17:34.887 [info] ExtensionService#_doActivateExtension PKief.material-icon-theme, startup: false, activationEvent: 'onStartupFinished'
2024-02-04 20:17:35.351 [info] ExtensionService#_doActivateExtension vscode.emmet, startup: false, activationEvent: 'onLanguage'
2024-02-04 20:17:50.814 [info] ExtensionService#_doActivateExtension vscode.json-language-features, startup: false, activationEvent: 'onLanguage:jsonc'
2024-02-04 20:17:50.853 [info] ExtensionService#_doActivateExtension vscode.typescript-language-features, startup: false, activationEvent: 'onLanguage:jsonc'
2024-02-04 22:25:00.852 [info] Extension host terminating: renderer closed the MessagePort
2024-02-04 22:25:00.877 [warning] TextEditor is closed/disposed
2024-02-04 22:25:00.890 [error] Canceled: Canceled
	at Object.I [as canceled] (/usr/share/vscodium/resources/app/out/vs/workbench/api/node/extensionHostProcess.js:10:1342)
	at /usr/share/vscodium/resources/app/out/vs/workbench/api/node/extensionHostProcess.js:150:9124
	at Array.forEach (<anonymous>)
	at u.dispose (/usr/share/vscodium/resources/app/out/vs/workbench/api/node/extensionHostProcess.js:150:9028)
	at f.terminate (/usr/share/vscodium/resources/app/out/vs/workbench/api/node/extensionHostProcess.js:154:10466)
	at s.terminate (/usr/share/vscodium/resources/app/out/vs/workbench/api/node/extensionHostProcess.js:158:1908)
	at a (/usr/share/vscodium/resources/app/out/vs/workbench/api/node/extensionHostProcess.js:171:11536)
	at MessagePortMain.<anonymous> (/usr/share/vscodium/resources/app/out/vs/workbench/api/node/extensionHostProcess.js:171:7611)
	at MessagePortMain.emit (node:events:513:28)
	at MessagePortMain._internalPort.emit (node:electron/js2c/utility_init:2:367) dart.writeRecommendedSettings {"value":"Dart-Code.dart-code","_lower":"dart-code.dart-code"}
2024-02-04 22:25:00.891 [error] Canceled: Canceled
	at new m (/usr/share/vscodium/resources/app/out/vs/workbench/api/node/extensionHostProcess.js:141:121511)
	at u._remoteCall (/usr/share/vscodium/resources/app/out/vs/workbench/api/node/extensionHostProcess.js:150:13781)
	at P.<computed>.x.charCodeAt.P.<computed> (/usr/share/vscodium/resources/app/out/vs/workbench/api/node/extensionHostProcess.js:150:10333)
	at h._doExecuteCommand (/usr/share/vscodium/resources/app/out/vs/workbench/api/node/extensionHostProcess.js:141:158052)
	at h.executeCommand (/usr/share/vscodium/resources/app/out/vs/workbench/api/node/extensionHostProcess.js:141:157377)
	at b.registerCommand.description (/usr/share/vscodium/resources/app/out/vs/workbench/api/node/extensionHostProcess.js:141:156621)
	at h._executeContributedCommand (/usr/share/vscodium/resources/app/out/vs/workbench/api/node/extensionHostProcess.js:141:158690)
	at h._doExecuteCommand (/usr/share/vscodium/resources/app/out/vs/workbench/api/node/extensionHostProcess.js:141:157510)
	at h.executeCommand (/usr/share/vscodium/resources/app/out/vs/workbench/api/node/extensionHostProcess.js:141:157377)
	at Object.executeCommand (/usr/share/vscodium/resources/app/out/vs/workbench/api/node/extensionHostProcess.js:158:27516)
	at setCommandVisiblity (/home/squarewinter/.vscode-oss/extensions/dart-code.dart-code-3.82.0-universal/out/dist/extension.js:13901:22)
	at Object.<anonymous> (/home/squarewinter/.vscode-oss/extensions/dart-code.dart-code-3.82.0-universal/out/dist/extension.js:13883:9)
	at Generator.next (<anonymous>)
	at /home/squarewinter/.vscode-oss/extensions/dart-code.dart-code-3.82.0-universal/out/dist/extension.js:13020:71
	at new Promise (<anonymous>)
	at __webpack_modules__.1892.__awaiter (/home/squarewinter/.vscode-oss/extensions/dart-code.dart-code-3.82.0-universal/out/dist/extension.js:13016:12)
	at Object.deactivate (/home/squarewinter/.vscode-oss/extensions/dart-code.dart-code-3.82.0-universal/out/dist/extension.js:13882:12)
	at f._deactivate (/usr/share/vscodium/resources/app/out/vs/workbench/api/node/extensionHostProcess.js:154:12650)
	at /usr/share/vscodium/resources/app/out/vs/workbench/api/node/extensionHostProcess.js:154:10120
	at Array.map (<anonymous>)
	at f._deactivateAll (/usr/share/vscodium/resources/app/out/vs/workbench/api/node/extensionHostProcess.js:154:10107)
	at f.terminate (/usr/share/vscodium/resources/app/out/vs/workbench/api/node/extensionHostProcess.js:154:10490)
	at s.terminate (/usr/share/vscodium/resources/app/out/vs/workbench/api/node/extensionHostProcess.js:158:1908)
	at a (/usr/share/vscodium/resources/app/out/vs/workbench/api/node/extensionHostProcess.js:171:11536)
	at MessagePortMain.<anonymous> (/usr/share/vscodium/resources/app/out/vs/workbench/api/node/extensionHostProcess.js:171:7611)
	at MessagePortMain.emit (node:events:513:28)
	at MessagePortMain._internalPort.emit (node:electron/js2c/utility_init:2:367) setContext undefined
2024-02-04 22:25:00.892 [error] Canceled: Canceled
	at new m (/usr/share/vscodium/resources/app/out/vs/workbench/api/node/extensionHostProcess.js:141:121511)
	at u._remoteCall (/usr/share/vscodium/resources/app/out/vs/workbench/api/node/extensionHostProcess.js:150:13781)
	at P.<computed>.x.charCodeAt.P.<computed> (/usr/share/vscodium/resources/app/out/vs/workbench/api/node/extensionHostProcess.js:150:10333)
	at h._doExecuteCommand (/usr/share/vscodium/resources/app/out/vs/workbench/api/node/extensionHostProcess.js:141:158052)
	at h.executeCommand (/usr/share/vscodium/resources/app/out/vs/workbench/api/node/extensionHostProcess.js:141:157377)
	at b.registerCommand.description (/usr/share/vscodium/resources/app/out/vs/workbench/api/node/extensionHostProcess.js:141:156621)
	at h._executeContributedCommand (/usr/share/vscodium/resources/app/out/vs/workbench/api/node/extensionHostProcess.js:141:158690)
	at h._doExecuteCommand (/usr/share/vscodium/resources/app/out/vs/workbench/api/node/extensionHostProcess.js:141:157510)
	at h.executeCommand (/usr/share/vscodium/resources/app/out/vs/workbench/api/node/extensionHostProcess.js:141:157377)
	at Object.executeCommand (/usr/share/vscodium/resources/app/out/vs/workbench/api/node/extensionHostProcess.js:158:27516)
	at setCommandVisiblity (/home/squarewinter/.vscode-oss/extensions/dart-code.dart-code-3.82.0-universal/out/dist/extension.js:13902:22)
	at Object.<anonymous> (/home/squarewinter/.vscode-oss/extensions/dart-code.dart-code-3.82.0-universal/out/dist/extension.js:13883:9)
	at Generator.next (<anonymous>)
	at /home/squarewinter/.vscode-oss/extensions/dart-code.dart-code-3.82.0-universal/out/dist/extension.js:13020:71
	at new Promise (<anonymous>)
	at __webpack_modules__.1892.__awaiter (/home/squarewinter/.vscode-oss/extensions/dart-code.dart-code-3.82.0-universal/out/dist/extension.js:13016:12)
	at Object.deactivate (/home/squarewinter/.vscode-oss/extensions/dart-code.dart-code-3.82.0-universal/out/dist/extension.js:13882:12)
	at f._deactivate (/usr/share/vscodium/resources/app/out/vs/workbench/api/node/extensionHostProcess.js:154:12650)
	at /usr/share/vscodium/resources/app/out/vs/workbench/api/node/extensionHostProcess.js:154:10120
	at Array.map (<anonymous>)
	at f._deactivateAll (/usr/share/vscodium/resources/app/out/vs/workbench/api/node/extensionHostProcess.js:154:10107)
	at f.terminate (/usr/share/vscodium/resources/app/out/vs/workbench/api/node/extensionHostProcess.js:154:10490)
	at s.terminate (/usr/share/vscodium/resources/app/out/vs/workbench/api/node/extensionHostProcess.js:158:1908)
	at a (/usr/share/vscodium/resources/app/out/vs/workbench/api/node/extensionHostProcess.js:171:11536)
	at MessagePortMain.<anonymous> (/usr/share/vscodium/resources/app/out/vs/workbench/api/node/extensionHostProcess.js:171:7611)
	at MessagePortMain.emit (node:events:513:28)
	at MessagePortMain._internalPort.emit (node:electron/js2c/utility_init:2:367) setContext undefined
2024-02-04 22:25:00.893 [error] Canceled: Canceled
	at new m (/usr/share/vscodium/resources/app/out/vs/workbench/api/node/extensionHostProcess.js:141:121511)
	at u._remoteCall (/usr/share/vscodium/resources/app/out/vs/workbench/api/node/extensionHostProcess.js:150:13781)
	at P.<computed>.x.charCodeAt.P.<computed> (/usr/share/vscodium/resources/app/out/vs/workbench/api/node/extensionHostProcess.js:150:10333)
	at h._doExecuteCommand (/usr/share/vscodium/resources/app/out/vs/workbench/api/node/extensionHostProcess.js:141:158052)
	at h.executeCommand (/usr/share/vscodium/resources/app/out/vs/workbench/api/node/extensionHostProcess.js:141:157377)
	at b.registerCommand.description (/usr/share/vscodium/resources/app/out/vs/workbench/api/node/extensionHostProcess.js:141:156621)
	at h._executeContributedCommand (/usr/share/vscodium/resources/app/out/vs/workbench/api/node/extensionHostProcess.js:141:158690)
	at h._doExecuteCommand (/usr/share/vscodium/resources/app/out/vs/workbench/api/node/extensionHostProcess.js:141:157510)
	at h.executeCommand (/usr/share/vscodium/resources/app/out/vs/workbench/api/node/extensionHostProcess.js:141:157377)
	at Object.executeCommand (/usr/share/vscodium/resources/app/out/vs/workbench/api/node/extensionHostProcess.js:158:27516)
	at setCommandVisiblity (/home/squarewinter/.vscode-oss/extensions/dart-code.dart-code-3.82.0-universal/out/dist/extension.js:13903:22)
	at Object.<anonymous> (/home/squarewinter/.vscode-oss/extensions/dart-code.dart-code-3.82.0-universal/out/dist/extension.js:13883:9)
	at Generator.next (<anonymous>)
	at /home/squarewinter/.vscode-oss/extensions/dart-code.dart-code-3.82.0-universal/out/dist/extension.js:13020:71
	at new Promise (<anonymous>)
	at __webpack_modules__.1892.__awaiter (/home/squarewinter/.vscode-oss/extensions/dart-code.dart-code-3.82.0-universal/out/dist/extension.js:13016:12)
	at Object.deactivate (/home/squarewinter/.vscode-oss/extensions/dart-code.dart-code-3.82.0-universal/out/dist/extension.js:13882:12)
	at f._deactivate (/usr/share/vscodium/resources/app/out/vs/workbench/api/node/extensionHostProcess.js:154:12650)
	at /usr/share/vscodium/resources/app/out/vs/workbench/api/node/extensionHostProcess.js:154:10120
	at Array.map (<anonymous>)
	at f._deactivateAll (/usr/share/vscodium/resources/app/out/vs/workbench/api/node/extensionHostProcess.js:154:10107)
	at f.terminate (/usr/share/vscodium/resources/app/out/vs/workbench/api/node/extensionHostProcess.js:154:10490)
	at s.terminate (/usr/share/vscodium/resources/app/out/vs/workbench/api/node/extensionHostProcess.js:158:1908)
	at a (/usr/share/vscodium/resources/app/out/vs/workbench/api/node/extensionHostProcess.js:171:11536)
	at MessagePortMain.<anonymous> (/usr/share/vscodium/resources/app/out/vs/workbench/api/node/extensionHostProcess.js:171:7611)
	at MessagePortMain.emit (node:events:513:28)
	at MessagePortMain._internalPort.emit (node:electron/js2c/utility_init:2:367) setContext undefined
2024-02-04 22:25:00.894 [error] Canceled: Canceled
	at new m (/usr/share/vscodium/resources/app/out/vs/workbench/api/node/extensionHostProcess.js:141:121511)
	at u._remoteCall (/usr/share/vscodium/resources/app/out/vs/workbench/api/node/extensionHostProcess.js:150:13781)
	at P.<computed>.x.charCodeAt.P.<computed> (/usr/share/vscodium/resources/app/out/vs/workbench/api/node/extensionHostProcess.js:150:10333)
	at h._doExecuteCommand (/usr/share/vscodium/resources/app/out/vs/workbench/api/node/extensionHostProcess.js:141:158052)
	at h.executeCommand (/usr/share/vscodium/resources/app/out/vs/workbench/api/node/extensionHostProcess.js:141:157377)
	at b.registerCommand.description (/usr/share/vscodium/resources/app/out/vs/workbench/api/node/extensionHostProcess.js:141:156621)
	at h._executeContributedCommand (/usr/share/vscodium/resources/app/out/vs/workbench/api/node/extensionHostProcess.js:141:158690)
	at h._doExecuteCommand (/usr/share/vscodium/resources/app/out/vs/workbench/api/node/extensionHostProcess.js:141:157510)
	at h.executeCommand (/usr/share/vscodium/resources/app/out/vs/workbench/api/node/extensionHostProcess.js:141:157377)
	at Object.executeCommand (/usr/share/vscodium/resources/app/out/vs/workbench/api/node/extensionHostProcess.js:158:27516)
	at setCommandVisiblity (/home/squarewinter/.vscode-oss/extensions/dart-code.dart-code-3.82.0-universal/out/dist/extension.js:13904:22)
	at Object.<anonymous> (/home/squarewinter/.vscode-oss/extensions/dart-code.dart-code-3.82.0-universal/out/dist/extension.js:13883:9)
	at Generator.next (<anonymous>)
	at /home/squarewinter/.vscode-oss/extensions/dart-code.dart-code-3.82.0-universal/out/dist/extension.js:13020:71
	at new Promise (<anonymous>)
	at __webpack_modules__.1892.__awaiter (/home/squarewinter/.vscode-oss/extensions/dart-code.dart-code-3.82.0-universal/out/dist/extension.js:13016:12)
	at Object.deactivate (/home/squarewinter/.vscode-oss/extensions/dart-code.dart-code-3.82.0-universal/out/dist/extension.js:13882:12)
	at f._deactivate (/usr/share/vscodium/resources/app/out/vs/workbench/api/node/extensionHostProcess.js:154:12650)
	at /usr/share/vscodium/resources/app/out/vs/workbench/api/node/extensionHostProcess.js:154:10120
	at Array.map (<anonymous>)
	at f._deactivateAll (/usr/share/vscodium/resources/app/out/vs/workbench/api/node/extensionHostProcess.js:154:10107)
	at f.terminate (/usr/share/vscodium/resources/app/out/vs/workbench/api/node/extensionHostProcess.js:154:10490)
	at s.terminate (/usr/share/vscodium/resources/app/out/vs/workbench/api/node/extensionHostProcess.js:158:1908)
	at a (/usr/share/vscodium/resources/app/out/vs/workbench/api/node/extensionHostProcess.js:171:11536)
	at MessagePortMain.<anonymous> (/usr/share/vscodium/resources/app/out/vs/workbench/api/node/extensionHostProcess.js:171:7611)
	at MessagePortMain.emit (node:events:513:28)
	at MessagePortMain._internalPort.emit (node:electron/js2c/utility_init:2:367) setContext undefined
2024-02-04 22:25:00.910 [error] Canceled: Canceled
	at new m (/usr/share/vscodium/resources/app/out/vs/workbench/api/node/extensionHostProcess.js:141:121511)
	at u._remoteCall (/usr/share/vscodium/resources/app/out/vs/workbench/api/node/extensionHostProcess.js:150:13781)
	at P.<computed>.x.charCodeAt.P.<computed> (/usr/share/vscodium/resources/app/out/vs/workbench/api/node/extensionHostProcess.js:150:10333)
	at h._doExecuteCommand (/usr/share/vscodium/resources/app/out/vs/workbench/api/node/extensionHostProcess.js:141:158052)
	at h.executeCommand (/usr/share/vscodium/resources/app/out/vs/workbench/api/node/extensionHostProcess.js:141:157377)
	at b.registerCommand.description (/usr/share/vscodium/resources/app/out/vs/workbench/api/node/extensionHostProcess.js:141:156621)
	at h._executeContributedCommand (/usr/share/vscodium/resources/app/out/vs/workbench/api/node/extensionHostProcess.js:141:158690)
	at h._doExecuteCommand (/usr/share/vscodium/resources/app/out/vs/workbench/api/node/extensionHostProcess.js:141:157510)
	at h.executeCommand (/usr/share/vscodium/resources/app/out/vs/workbench/api/node/extensionHostProcess.js:141:157377)
	at Object.executeCommand (/usr/share/vscodium/resources/app/out/vs/workbench/api/node/extensionHostProcess.js:158:27516)
	at Object.<anonymous> (/home/squarewinter/.vscode-oss/extensions/dart-code.dart-code-3.82.0-universal/out/dist/extension.js:13890:26)
	at Generator.next (<anonymous>)
	at fulfilled (/home/squarewinter/.vscode-oss/extensions/dart-code.dart-code-3.82.0-universal/out/dist/extension.js:13017:58) setContext undefined
2024-02-04 22:25:00.912 [error] Canceled: Canceled
	at new m (/usr/share/vscodium/resources/app/out/vs/workbench/api/node/extensionHostProcess.js:141:121511)
	at u._remoteCall (/usr/share/vscodium/resources/app/out/vs/workbench/api/node/extensionHostProcess.js:150:13781)
	at P.<computed>.x.charCodeAt.P.<computed> (/usr/share/vscodium/resources/app/out/vs/workbench/api/node/extensionHostProcess.js:150:10333)
	at h._doExecuteCommand (/usr/share/vscodium/resources/app/out/vs/workbench/api/node/extensionHostProcess.js:141:158052)
	at h.executeCommand (/usr/share/vscodium/resources/app/out/vs/workbench/api/node/extensionHostProcess.js:141:157377)
	at b.registerCommand.description (/usr/share/vscodium/resources/app/out/vs/workbench/api/node/extensionHostProcess.js:141:156621)
	at h._executeContributedCommand (/usr/share/vscodium/resources/app/out/vs/workbench/api/node/extensionHostProcess.js:141:158690)
	at h._doExecuteCommand (/usr/share/vscodium/resources/app/out/vs/workbench/api/node/extensionHostProcess.js:141:157510)
	at h.executeCommand (/usr/share/vscodium/resources/app/out/vs/workbench/api/node/extensionHostProcess.js:141:157377)
	at Object.executeCommand (/usr/share/vscodium/resources/app/out/vs/workbench/api/node/extensionHostProcess.js:158:27516)
	at Object.<anonymous> (/home/squarewinter/.vscode-oss/extensions/dart-code.dart-code-3.82.0-universal/out/dist/extension.js:13892:30)
	at Generator.next (<anonymous>)
	at fulfilled (/home/squarewinter/.vscode-oss/extensions/dart-code.dart-code-3.82.0-universal/out/dist/extension.js:13017:58) setContext undefined
2024-02-04 22:25:00.913 [error] Canceled: Canceled
	at new m (/usr/share/vscodium/resources/app/out/vs/workbench/api/node/extensionHostProcess.js:141:121511)
	at u._remoteCall (/usr/share/vscodium/resources/app/out/vs/workbench/api/node/extensionHostProcess.js:150:13781)
	at P.<computed>.x.charCodeAt.P.<computed> (/usr/share/vscodium/resources/app/out/vs/workbench/api/node/extensionHostProcess.js:150:10333)
	at h._doExecuteCommand (/usr/share/vscodium/resources/app/out/vs/workbench/api/node/extensionHostProcess.js:141:158052)
	at h.executeCommand (/usr/share/vscodium/resources/app/out/vs/workbench/api/node/extensionHostProcess.js:141:157377)
	at b.registerCommand.description (/usr/share/vscodium/resources/app/out/vs/workbench/api/node/extensionHostProcess.js:141:156621)
	at h._executeContributedCommand (/usr/share/vscodium/resources/app/out/vs/workbench/api/node/extensionHostProcess.js:141:158690)
	at h._doExecuteCommand (/usr/share/vscodium/resources/app/out/vs/workbench/api/node/extensionHostProcess.js:141:157510)
	at h.executeCommand (/usr/share/vscodium/resources/app/out/vs/workbench/api/node/extensionHostProcess.js:141:157377)
	at Object.executeCommand (/usr/share/vscodium/resources/app/out/vs/workbench/api/node/extensionHostProcess.js:158:27516)
	at Object.<anonymous> (/home/squarewinter/.vscode-oss/extensions/dart-code.dart-code-3.82.0-universal/out/dist/extension.js:13893:30)
	at Generator.next (<anonymous>)
	at fulfilled (/home/squarewinter/.vscode-oss/extensions/dart-code.dart-code-3.82.0-universal/out/dist/extension.js:13017:58) setContext undefined
2024-02-04 22:25:00.914 [info] Extension host with pid 190227 exiting with code 0
