2024-02-05 18:37:04.677 [info] Log level: Info
2024-02-05 18:37:04.677 [info] Validating found git in: "git"
2024-02-05 18:37:04.677 [info] Using git "2.43.0" from "git"
2024-02-05 18:37:04.677 [info] > git rev-parse --show-toplevel [11ms]
2024-02-05 18:37:04.677 [info] fatal: not a git repository (or any parent up to mount point /)
Stopping at filesystem boundary (GIT_DISCOVERY_ACROSS_FILESYSTEM not set).
2024-02-05 18:37:04.677 [info] > git rev-parse --show-toplevel [11ms]
2024-02-05 18:37:04.677 [info] fatal: not a git repository (or any parent up to mount point /)
Stopping at filesystem boundary (GIT_DISCOVERY_ACROSS_FILESYSTEM not set).
2024-02-05 18:37:04.677 [info] > git rev-parse --show-toplevel [7ms]
2024-02-05 18:37:04.677 [info] fatal: not a git repository (or any parent up to mount point /)
Stopping at filesystem boundary (GIT_DISCOVERY_ACROSS_FILESYSTEM not set).
2024-02-05 18:37:05.328 [info] > git rev-parse --show-toplevel [46ms]
2024-02-05 18:37:05.328 [info] fatal: not a git repository (or any parent up to mount point /)
Stopping at filesystem boundary (GIT_DISCOVERY_ACROSS_FILESYSTEM not set).
2024-02-05 18:37:05.345 [info] > git rev-parse --show-toplevel [3ms]
2024-02-05 18:37:05.345 [info] fatal: not a git repository (or any parent up to mount point /)
Stopping at filesystem boundary (GIT_DISCOVERY_ACROSS_FILESYSTEM not set).
2024-02-05 18:37:08.375 [info] > git rev-parse --show-toplevel [6ms]
2024-02-05 18:37:08.375 [info] fatal: not a git repository (or any parent up to mount point /)
Stopping at filesystem boundary (GIT_DISCOVERY_ACROSS_FILESYSTEM not set).
2024-02-06 12:21:59.626 [info] > git rev-parse --show-toplevel [2ms]
2024-02-06 12:21:59.626 [info] fatal: not a git repository (or any parent up to mount point /)
Stopping at filesystem boundary (GIT_DISCOVERY_ACROSS_FILESYSTEM not set).
