2024-02-05 18:18:01.492 [info] Telemetry level is off
2024-02-05 18:18:01.492 [info] Experiments are disabled, only manually opted experiments are active.
2024-02-05 18:18:01.492 [info] Default formatter is set to null for workspace /home/squarewinter/programming/python/wallpaper_selector
2024-02-05 18:18:01.492 [info] Test server listening.
2024-02-05 18:18:01.493 [info] VS Code was launched from an activated environment: 'wallpaper_script', selecting it as the interpreter for workspace.
2024-02-05 18:18:01.493 [info] Python interpreter path: ~/miniconda3/envs/wallpaper_script/bin/python
2024-02-05 18:18:01.544 [info] > python -c "import sys;print(sys.executable)"
2024-02-05 18:18:01.593 [warning] Retry failed, storage update failed for key PYTHON_GLOBAL_STORAGE_KEYS
2024-02-05 18:18:01.649 [warning] Retry failed, storage update failed for key PYTHON_GLOBAL_STORAGE_KEYS
2024-02-05 18:18:01.649 [warning] Retry failed, storage update failed for key PYTHON_GLOBAL_STORAGE_KEYS
2024-02-05 18:18:01.649 [warning] Retry failed, storage update failed for key PYTHON_GLOBAL_STORAGE_KEYS
2024-02-05 18:18:01.649 [warning] Retry failed, storage update failed for key PYTHON_GLOBAL_STORAGE_KEYS
2024-02-05 18:18:01.649 [warning] Retry failed, storage update failed for key PYTHON_GLOBAL_STORAGE_KEYS
2024-02-05 18:18:01.649 [warning] Retry failed, storage update failed for key PYTHON_WORKSPACE_STORAGE_KEYS
2024-02-05 18:18:01.649 [warning] Retry failed, storage update failed for key PYTHON_WORKSPACE_STORAGE_KEYS
2024-02-05 18:18:01.649 [warning] Retry failed, storage update failed for key PYTHON_WORKSPACE_STORAGE_KEYS
2024-02-05 18:18:01.649 [warning] Retry failed, storage update failed for key PYTHON_WORKSPACE_STORAGE_KEYS
2024-02-05 18:18:03.324 [info] Starting Jedi language server for wallpaper_selector.
2024-02-05 18:18:03.338 [info] > conda info --json
2024-02-05 18:18:09.127 [info] Found: /bin/python --> /bin/python3.11
2024-02-05 18:18:09.128 [info] Found: /bin/python3 --> /bin/python3.11
2024-02-05 18:18:09.141 [info] > /bin/python -I ~/.vscode-oss/extensions/ms-python.python-2024.0.0-universal/pythonFiles/get_output_via_markers.py ~/.vscode-oss/extensions/ms-python.python-2024.0.0-universal/pythonFiles/interpreterInfo.py
2024-02-05 18:18:09.143 [info] Found: /bin/python3.11 --> /bin/python3.11
2024-02-05 18:18:09.179 [info] > ~/miniconda3/bin/python -I ~/.vscode-oss/extensions/ms-python.python-2024.0.0-universal/pythonFiles/get_output_via_markers.py ~/.vscode-oss/extensions/ms-python.python-2024.0.0-universal/pythonFiles/interpreterInfo.py
2024-02-05 18:18:09.206 [info] Found: /sbin/python --> /sbin/python3.11
2024-02-05 18:18:09.207 [info] Found: /sbin/python3 --> /sbin/python3.11
2024-02-05 18:18:09.207 [info] Found: /sbin/python3.11 --> /sbin/python3.11
2024-02-05 18:18:09.216 [info] Found: /usr/bin/python --> /usr/bin/python3.11
2024-02-05 18:18:09.217 [info] Found: /usr/bin/python3 --> /usr/bin/python3.11
2024-02-05 18:18:09.217 [info] Found: /usr/bin/python3.11 --> /usr/bin/python3.11
2024-02-05 18:18:09.246 [info] > ~/miniconda3/envs/miscellanious/bin/python -I ~/.vscode-oss/extensions/ms-python.python-2024.0.0-universal/pythonFiles/get_output_via_markers.py ~/.vscode-oss/extensions/ms-python.python-2024.0.0-universal/pythonFiles/interpreterInfo.py
2024-02-05 18:18:09.278 [info] > ~/miniconda3/envs/wallpaper_script/bin/python -I ~/.vscode-oss/extensions/ms-python.python-2024.0.0-universal/pythonFiles/get_output_via_markers.py ~/.vscode-oss/extensions/ms-python.python-2024.0.0-universal/pythonFiles/interpreterInfo.py
2024-02-05 18:18:09.280 [info] Found: /usr/sbin/python --> /usr/sbin/python3.11
2024-02-05 18:18:09.281 [info] Found: /usr/sbin/python3 --> /usr/sbin/python3.11
2024-02-05 18:18:09.281 [info] Found: /usr/sbin/python3.11 --> /usr/sbin/python3.11
2024-02-05 18:18:09.283 [info] Found: /home/squarewinter/miniconda3/envs/wallpaper_script/bin/python --> /home/squarewinter/miniconda3/envs/wallpaper_script/bin/python3.12
2024-02-05 18:18:09.284 [info] Found: /home/squarewinter/miniconda3/envs/wallpaper_script/bin/python3 --> /home/squarewinter/miniconda3/envs/wallpaper_script/bin/python3.12
2024-02-05 18:18:09.284 [info] Found: /home/squarewinter/miniconda3/envs/wallpaper_script/bin/python3.1 --> /home/squarewinter/miniconda3/envs/wallpaper_script/bin/python3.12
2024-02-05 18:18:09.284 [info] Found: /home/squarewinter/miniconda3/envs/wallpaper_script/bin/python3.12 --> /home/squarewinter/miniconda3/envs/wallpaper_script/bin/python3.12
2024-02-05 18:18:09.334 [info] > /sbin/python -I ~/.vscode-oss/extensions/ms-python.python-2024.0.0-universal/pythonFiles/get_output_via_markers.py ~/.vscode-oss/extensions/ms-python.python-2024.0.0-universal/pythonFiles/interpreterInfo.py
2024-02-05 18:18:09.355 [info] > /usr/bin/python -I ~/.vscode-oss/extensions/ms-python.python-2024.0.0-universal/pythonFiles/get_output_via_markers.py ~/.vscode-oss/extensions/ms-python.python-2024.0.0-universal/pythonFiles/interpreterInfo.py
2024-02-05 18:18:09.399 [info] > /usr/sbin/python -I ~/.vscode-oss/extensions/ms-python.python-2024.0.0-universal/pythonFiles/get_output_via_markers.py ~/.vscode-oss/extensions/ms-python.python-2024.0.0-universal/pythonFiles/interpreterInfo.py
2024-02-05 18:18:19.545 [info] Starting Jedi language server for wallpaper_selector.
2024-02-05 18:25:39.104 [info] Discover tests for workspace name: wallpaper_selector - uri: /home/squarewinter/programming/python/wallpaper_selector/app.py
2024-02-05 18:25:53.638 [info] > conda info --json
2024-02-05 18:25:54.806 [info] Send text to terminal: conda activate wallpaper_script
2024-02-05 18:25:55.309 [info] Send text to terminal: /home/squarewinter/miniconda3/envs/wallpaper_script/bin/python /home/squarewinter/programming/python/wallpaper_selector/app.py
