2024-02-04 20:16:18.122 [info] Log level: Info
2024-02-04 20:16:18.122 [info] Validating found git in: "git"
2024-02-04 20:16:18.122 [info] Using git "2.43.0" from "git"
2024-02-04 20:16:18.122 [info] > git rev-parse --show-toplevel [15ms]
2024-02-04 20:16:18.122 [info] fatal: not a git repository (or any parent up to mount point /)
Stopping at filesystem boundary (GIT_DISCOVERY_ACROSS_FILESYSTEM not set).
2024-02-04 20:16:18.260 [info] > git rev-parse --show-toplevel [32ms]
2024-02-04 20:16:18.260 [info] fatal: not a git repository (or any parent up to mount point /)
Stopping at filesystem boundary (GIT_DISCOVERY_ACROSS_FILESYSTEM not set).
2024-02-04 20:16:18.465 [info] > git rev-parse --show-toplevel [3ms]
2024-02-04 20:16:18.465 [info] fatal: not a git repository (or any parent up to mount point /)
Stopping at filesystem boundary (GIT_DISCOVERY_ACROSS_FILESYSTEM not set).
2024-02-04 20:17:30.166 [info] Log level: Info
2024-02-04 20:17:30.166 [info] Validating found git in: "git"
2024-02-04 20:17:30.166 [info] Using git "2.43.0" from "git"
2024-02-04 20:17:30.166 [info] > git rev-parse --show-toplevel [19ms]
2024-02-04 20:17:30.166 [info] fatal: not a git repository (or any parent up to mount point /)
Stopping at filesystem boundary (GIT_DISCOVERY_ACROSS_FILESYSTEM not set).
2024-02-04 20:17:30.175 [info] > git rev-parse --show-toplevel [10ms]
2024-02-04 20:17:30.175 [info] fatal: not a git repository (or any parent up to mount point /)
Stopping at filesystem boundary (GIT_DISCOVERY_ACROSS_FILESYSTEM not set).
2024-02-04 20:17:32.075 [info] > git rev-parse --show-toplevel [4ms]
2024-02-04 20:17:32.075 [info] fatal: not a git repository (or any parent up to mount point /)
Stopping at filesystem boundary (GIT_DISCOVERY_ACROSS_FILESYSTEM not set).
2024-02-04 20:17:32.091 [info] > git rev-parse --show-toplevel [4ms]
2024-02-04 20:17:32.091 [info] fatal: not a git repository (or any parent up to mount point /)
Stopping at filesystem boundary (GIT_DISCOVERY_ACROSS_FILESYSTEM not set).
2024-02-04 20:17:32.112 [info] > git rev-parse --show-toplevel [3ms]
2024-02-04 20:17:32.112 [info] fatal: not a git repository (or any parent up to mount point /)
Stopping at filesystem boundary (GIT_DISCOVERY_ACROSS_FILESYSTEM not set).
2024-02-04 20:17:32.131 [info] > git rev-parse --show-toplevel [3ms]
2024-02-04 20:17:32.131 [info] fatal: not a git repository (or any parent up to mount point /)
Stopping at filesystem boundary (GIT_DISCOVERY_ACROSS_FILESYSTEM not set).
2024-02-04 20:17:32.147 [info] > git rev-parse --show-toplevel [2ms]
2024-02-04 20:17:32.147 [info] fatal: not a git repository (or any parent up to mount point /)
Stopping at filesystem boundary (GIT_DISCOVERY_ACROSS_FILESYSTEM not set).
2024-02-04 20:17:35.134 [info] > git rev-parse --show-toplevel [3ms]
2024-02-04 20:17:35.134 [info] fatal: not a git repository (or any parent up to mount point /)
Stopping at filesystem boundary (GIT_DISCOVERY_ACROSS_FILESYSTEM not set).
2024-02-04 20:17:51.005 [info] > git rev-parse --show-toplevel [3ms]
2024-02-04 20:17:51.005 [info] fatal: not a git repository (or any parent up to mount point /)
Stopping at filesystem boundary (GIT_DISCOVERY_ACROSS_FILESYSTEM not set).
