2024-02-04 20:16:16.889 [info] Added views:workbench.panel.markers.view in workbench.panel.markers
2024-02-04 20:16:16.890 [info] Added views:workbench.panel.output in workbench.panel.output
2024-02-04 20:16:16.890 [info] Added views:terminal in terminal
2024-02-04 20:16:16.890 [info] Added views:outline in workbench.view.explorer
2024-02-04 20:16:16.890 [info] Added views:workbench.scm in workbench.view.scm
2024-02-04 20:16:16.890 [info] Added views:workbench.view.search in workbench.view.search
2024-02-04 20:16:16.890 [info] Added views:timeline in workbench.view.explorer
2024-02-04 20:16:16.890 [info] Added views:workbench.explorer.fileView in workbench.view.explorer
2024-02-04 20:16:17.704 [info] Added views:workbench.debug.variablesView,workbench.debug.watchExpressionsView,workbench.debug.callStackView,workbench.debug.breakPointsView in workbench.view.debug
2024-02-04 20:16:17.813 [info] Added views:workbench.panel.repl.view in workbench.panel.repl
2024-02-04 20:16:17.816 [info] Removed views:workbench.debug.breakPointsView,workbench.debug.callStackView,workbench.debug.watchExpressionsView,workbench.debug.variablesView from workbench.view.debug
2024-02-04 20:16:17.817 [info] Added views:workbench.debug.welcome in workbench.view.debug
2024-02-04 20:16:17.990 [info] Added views:~remote.forwardedPorts in ~remote.forwardedPortsContainer
2024-02-04 20:16:41.015 [info] Added views:workbench.view.testing in workbench.view.extension.test
2024-02-04 20:16:41.052 [info] Added views:dartDependencyTree in workbench.view.explorer
2024-02-04 20:17:26.487 [info] Removed views:workbench.view.testing from workbench.view.extension.test
2024-02-04 20:17:28.717 [info] Added views:workbench.panel.markers.view in workbench.panel.markers
2024-02-04 20:17:28.717 [info] Added views:workbench.panel.output in workbench.panel.output
2024-02-04 20:17:28.717 [info] Added views:terminal in terminal
2024-02-04 20:17:28.717 [info] Added views:outline in workbench.view.explorer
2024-02-04 20:17:28.717 [info] Added views:workbench.scm in workbench.view.scm
2024-02-04 20:17:28.717 [info] Added views:workbench.view.search in workbench.view.search
2024-02-04 20:17:28.717 [info] Added views:timeline in workbench.view.explorer
2024-02-04 20:17:28.717 [info] Added views:workbench.explorer.fileView in workbench.view.explorer
2024-02-04 20:17:29.549 [info] Added views:workbench.debug.variablesView,workbench.debug.watchExpressionsView,workbench.debug.callStackView,workbench.debug.breakPointsView in workbench.view.debug
2024-02-04 20:17:29.587 [info] Added views:workbench.panel.repl.view in workbench.panel.repl
2024-02-04 20:17:29.589 [info] Removed views:workbench.debug.breakPointsView,workbench.debug.callStackView,workbench.debug.watchExpressionsView,workbench.debug.variablesView from workbench.view.debug
2024-02-04 20:17:29.590 [info] Added views:workbench.debug.welcome in workbench.view.debug
2024-02-04 20:17:29.928 [info] Added views:~remote.forwardedPorts in ~remote.forwardedPortsContainer
2024-02-04 20:17:34.719 [info] Added views:workbench.view.testing in workbench.view.extension.test
2024-02-04 20:17:34.806 [info] Added views:dartDependencyTree in workbench.view.explorer
2024-02-04 20:17:34.822 [info] Added views:dartFlutterSidebar,dartFlutterOutline in workbench.view.extension.flutter
2024-02-04 22:25:00.858 [info] Removed views:workbench.view.testing from workbench.view.extension.test
