2024-02-05 18:32:33.591 [info] Log level: Info
2024-02-05 18:32:33.591 [info] Validating found git in: "git"
2024-02-05 18:32:33.591 [info] Using git "2.43.0" from "git"
2024-02-05 18:32:33.591 [info] > git rev-parse --show-toplevel [10ms]
2024-02-05 18:32:33.591 [info] fatal: not a git repository (or any parent up to mount point /)
Stopping at filesystem boundary (GIT_DISCOVERY_ACROSS_FILESYSTEM not set).
2024-02-05 18:32:33.591 [info] > git rev-parse --show-toplevel [7ms]
2024-02-05 18:32:33.591 [info] fatal: not a git repository (or any parent up to mount point /)
Stopping at filesystem boundary (GIT_DISCOVERY_ACROSS_FILESYSTEM not set).
2024-02-05 18:32:33.591 [info] > git rev-parse --show-toplevel [43ms]
2024-02-05 18:32:33.591 [info] fatal: not a git repository (or any parent up to mount point /)
Stopping at filesystem boundary (GIT_DISCOVERY_ACROSS_FILESYSTEM not set).
2024-02-05 18:32:34.523 [info] > git rev-parse --show-toplevel [5ms]
2024-02-05 18:32:34.523 [info] fatal: not a git repository (or any parent up to mount point /)
Stopping at filesystem boundary (GIT_DISCOVERY_ACROSS_FILESYSTEM not set).
2024-02-05 18:32:34.675 [info] > git rev-parse --show-toplevel [5ms]
2024-02-05 18:32:34.675 [info] fatal: not a git repository (or any parent up to mount point /)
Stopping at filesystem boundary (GIT_DISCOVERY_ACROSS_FILESYSTEM not set).
2024-02-05 18:32:36.051 [info] > git rev-parse --show-toplevel [3ms]
2024-02-05 18:32:36.051 [info] fatal: not a git repository (or any parent up to mount point /)
Stopping at filesystem boundary (GIT_DISCOVERY_ACROSS_FILESYSTEM not set).
2024-02-05 18:32:36.258 [info] > git rev-parse --show-toplevel [2ms]
2024-02-05 18:32:36.258 [info] fatal: not a git repository (or any parent up to mount point /)
Stopping at filesystem boundary (GIT_DISCOVERY_ACROSS_FILESYSTEM not set).
