2024-02-05 14:41:46.976 [info] Log level: Info
2024-02-05 14:41:46.976 [info] Validating found git in: "git"
2024-02-05 14:41:46.976 [info] Using git "2.43.0" from "git"
2024-02-05 14:41:46.976 [info] > git rev-parse --show-toplevel [3ms]
2024-02-05 14:41:46.976 [info] fatal: not a git repository (or any parent up to mount point /)
Stopping at filesystem boundary (GIT_DISCOVERY_ACROSS_FILESYSTEM not set).
2024-02-05 14:41:47.265 [info] > git rev-parse --show-toplevel [16ms]
2024-02-05 14:41:47.265 [info] fatal: not a git repository (or any parent up to mount point /)
Stopping at filesystem boundary (GIT_DISCOVERY_ACROSS_FILESYSTEM not set).
2024-02-05 14:41:47.375 [info] > git rev-parse --show-toplevel [20ms]
2024-02-05 14:41:47.375 [info] fatal: not a git repository (or any parent up to mount point /)
Stopping at filesystem boundary (GIT_DISCOVERY_ACROSS_FILESYSTEM not set).
2024-02-05 14:41:47.391 [info] > git rev-parse --show-toplevel [2ms]
2024-02-05 14:41:47.391 [info] fatal: not a git repository (or any parent up to mount point /)
Stopping at filesystem boundary (GIT_DISCOVERY_ACROSS_FILESYSTEM not set).
2024-02-05 14:41:49.266 [info] > git rev-parse --show-toplevel [2ms]
2024-02-05 14:41:49.266 [info] fatal: not a git repository (or any parent up to mount point /)
Stopping at filesystem boundary (GIT_DISCOVERY_ACROSS_FILESYSTEM not set).
2024-02-05 14:42:01.203 [info] > git rev-parse --show-toplevel [2ms]
2024-02-05 14:42:01.203 [info] fatal: not a git repository (or any parent up to mount point /)
Stopping at filesystem boundary (GIT_DISCOVERY_ACROSS_FILESYSTEM not set).
