2024-02-02T00:23:20.049Z 0: 

----------------------------------------------
2024-02-02T00:23:20.077Z 1: Discord starting: {"releaseChannel":"stable","version":"0.0.42"}, modulepath: /home/squarewinter/.config/discord/0.0.42/modules
2024-02-02T00:23:20.084Z 2: ✅ webContents.created web1 ""
2024-02-02T00:23:20.087Z 3: ✅ window.created win1 "discord"
2024-02-02T00:23:20.496Z 4: ✅ webContents.did-finish-load web1
2024-02-02T00:25:23.154Z 5: ✅ webContents.created web2 ""
2024-02-02T00:25:23.169Z 6: ✅ window.created win2 "Discord"
2024-02-02T00:25:39.354Z 7: ✅ webContents.did-finish-load web2
2024-02-02T00:25:39.443Z 8: window.close win1
2024-02-02T00:25:39.497Z 9: webContents.destroyed web1
2024-02-02T00:25:39.501Z 10: window.closed win1
2024-02-02T12:27:25.157Z 11: before-quit
2024-02-02T12:27:25.161Z 12: window.close win2
2024-02-02T12:27:25.390Z 13: webContents.destroyed web2
2024-02-02T17:09:04.535Z 0: 

----------------------------------------------
2024-02-02T17:09:04.572Z 1: Discord starting: {"releaseChannel":"stable","version":"0.0.42"}, modulepath: /home/squarewinter/.config/discord/0.0.42/modules
2024-02-02T17:09:04.614Z 2: ✅ webContents.created web1 ""
2024-02-02T17:09:04.618Z 3: ✅ window.created win1 "discord"
2024-02-02T17:09:05.015Z 4: ✅ webContents.did-finish-load web1
2024-02-02T17:09:05.904Z 5: ✅ webContents.created web2 ""
2024-02-02T17:09:05.928Z 6: ✅ window.created win2 "Discord"
2024-02-02T17:09:12.710Z 7: ❌ webContents.did-fail-load web2" -3 
2024-02-02T17:09:15.380Z 8: ✅ webContents.did-finish-load web2
2024-02-02T17:09:15.478Z 9: window.close win1
2024-02-02T17:09:15.600Z 10: webContents.destroyed web1
2024-02-02T17:09:15.615Z 11: window.closed win1
2024-02-02T19:32:11.328Z 12: window.close win2
2024-02-06T19:15:53.045Z 0: 

----------------------------------------------
2024-02-06T19:15:53.077Z 1: Discord starting: {"releaseChannel":"stable","version":"0.0.42"}, modulepath: /home/squarewinter/.config/discord/0.0.42/modules
2024-02-06T19:15:53.112Z 2: ✅ webContents.created web1 ""
2024-02-06T19:15:53.117Z 3: ✅ window.created win1 "discord"
2024-02-06T19:15:53.523Z 4: ✅ webContents.did-finish-load web1
2024-02-06T19:16:03.373Z 5: ✅ webContents.created web2 ""
2024-02-06T19:16:03.392Z 6: ✅ window.created win2 "Discord"
2024-02-06T19:16:09.540Z 7: ✅ webContents.did-finish-load web2
2024-02-06T19:16:09.629Z 8: window.close win1
2024-02-06T19:16:09.717Z 9: webContents.destroyed web1
2024-02-06T19:16:09.730Z 10: window.closed win1
2024-02-06T19:33:37.606Z 11: window.close win2
2024-02-06T19:33:54.413Z 0: 

----------------------------------------------
2024-02-06T19:33:54.438Z 1: Discord starting: {"releaseChannel":"stable","version":"0.0.42"}, modulepath: /home/squarewinter/.config/discord/0.0.42/modules
2024-02-06T19:33:54.466Z 2: ✅ webContents.created web1 ""
2024-02-06T19:33:54.470Z 3: ✅ window.created win1 "discord"
2024-02-06T19:33:54.819Z 4: ✅ webContents.did-finish-load web1
2024-02-06T19:33:57.003Z 5: ✅ webContents.created web2 ""
2024-02-06T19:33:57.022Z 6: ✅ window.created win2 "Discord"
2024-02-06T19:34:02.434Z 7: ✅ webContents.did-finish-load web2
2024-02-06T19:34:02.543Z 8: window.close win1
2024-02-06T19:34:02.585Z 9: webContents.destroyed web1
2024-02-06T19:34:02.592Z 10: window.closed win1
