2024-02-04 20:16:17.889 [warning] [python]: Couldn't find message for key walkthrough.pythonWelcome.title.
2024-02-04 20:16:17.890 [warning] [python]: Couldn't find message for key walkthrough.pythonWelcome.description.
2024-02-04 20:16:17.890 [warning] [python]: Couldn't find message for key walkthrough.step.python.createPythonFile.title.
2024-02-04 20:16:17.891 [warning] [python]: Couldn't find message for key walkthrough.step.python.createPythonFile.description.
2024-02-04 20:16:17.891 [warning] [python]: Couldn't find message for key walkthrough.step.python.createPythonFile.altText.
2024-02-04 20:16:17.892 [warning] [python]: Couldn't find message for key walkthrough.step.python.installPythonWin8.title.
2024-02-04 20:16:17.892 [warning] [python]: Couldn't find message for key walkthrough.step.python.installPythonWin8.description.
2024-02-04 20:16:17.893 [warning] [python]: Couldn't find message for key walkthrough.step.python.installPythonMac.title.
2024-02-04 20:16:17.893 [warning] [python]: Couldn't find message for key walkthrough.step.python.installPythonMac.description.
2024-02-04 20:16:17.893 [warning] [python]: Couldn't find message for key walkthrough.step.python.installPythonLinux.title.
2024-02-04 20:16:17.894 [warning] [python]: Couldn't find message for key walkthrough.step.python.installPythonLinux.description.
2024-02-04 20:16:17.894 [warning] [python]: Couldn't find message for key walkthrough.step.python.selectInterpreter.title.
2024-02-04 20:16:17.895 [warning] [python]: Couldn't find message for key walkthrough.step.python.selectInterpreter.description.
2024-02-04 20:16:17.895 [warning] [python]: Couldn't find message for key walkthrough.step.python.selectInterpreter.altText.
2024-02-04 20:16:17.896 [warning] [python]: Couldn't find message for key walkthrough.step.python.createEnvironment.title.
2024-02-04 20:16:17.897 [warning] [python]: Couldn't find message for key walkthrough.step.python.createEnvironment.description.
2024-02-04 20:16:17.897 [warning] [python]: Couldn't find message for key walkthrough.step.python.createEnvironment.altText.
2024-02-04 20:16:17.898 [warning] [python]: Couldn't find message for key walkthrough.step.python.runAndDebug.title.
2024-02-04 20:16:17.898 [warning] [python]: Couldn't find message for key walkthrough.step.python.runAndDebug.description.
2024-02-04 20:16:17.899 [warning] [python]: Couldn't find message for key walkthrough.step.python.runAndDebug.altText.
2024-02-04 20:16:17.899 [warning] [python]: Couldn't find message for key walkthrough.step.python.learnMoreWithDS.title.
2024-02-04 20:16:17.899 [warning] [python]: Couldn't find message for key walkthrough.step.python.learnMoreWithDS.description.
2024-02-04 20:16:17.900 [warning] [python]: Couldn't find message for key walkthrough.step.python.learnMoreWithDS.altText.
2024-02-04 20:16:17.901 [warning] [python]: Couldn't find message for key walkthrough.pythonWelcome.title.
2024-02-04 20:16:17.901 [warning] [python]: Couldn't find message for key walkthrough.pythonWelcome.description.
2024-02-04 20:16:17.901 [warning] [python]: Couldn't find message for key walkthrough.step.python.createPythonFolder.title.
2024-02-04 20:16:17.902 [warning] [python]: Couldn't find message for key walkthrough.step.python.createPythonFolder.description.
2024-02-04 20:16:17.902 [warning] [python]: Couldn't find message for key walkthrough.step.python.createPythonFile.altText.
2024-02-04 20:16:17.903 [warning] [python]: Couldn't find message for key walkthrough.step.python.createPythonFile.title.
2024-02-04 20:16:17.903 [warning] [python]: Couldn't find message for key walkthrough.step.python.createPythonFile.description.
2024-02-04 20:16:17.903 [warning] [python]: Couldn't find message for key walkthrough.step.python.createPythonFile.altText.
2024-02-04 20:16:17.905 [warning] [python]: Couldn't find message for key walkthrough.step.python.installPythonWin8.title.
2024-02-04 20:16:17.905 [warning] [python]: Couldn't find message for key walkthrough.step.python.installPythonWin8.description.
2024-02-04 20:16:17.906 [warning] [python]: Couldn't find message for key walkthrough.step.python.installPythonMac.title.
2024-02-04 20:16:17.907 [warning] [python]: Couldn't find message for key walkthrough.step.python.installPythonMac.description.
2024-02-04 20:16:17.907 [warning] [python]: Couldn't find message for key walkthrough.step.python.installPythonLinux.title.
2024-02-04 20:16:17.907 [warning] [python]: Couldn't find message for key walkthrough.step.python.installPythonLinux.description.
2024-02-04 20:16:17.908 [warning] [python]: Couldn't find message for key walkthrough.step.python.createEnvironment.title2.
2024-02-04 20:16:17.908 [warning] [python]: Couldn't find message for key walkthrough.step.python.createEnvironment.description2.
2024-02-04 20:16:17.911 [warning] [python]: Couldn't find message for key walkthrough.step.python.runAndDebug.title.
2024-02-04 20:16:17.912 [warning] [python]: Couldn't find message for key walkthrough.step.python.runAndDebug.description.
2024-02-04 20:16:17.912 [warning] [python]: Couldn't find message for key walkthrough.step.python.runAndDebug.altText.
2024-02-04 20:16:17.914 [warning] [python]: Couldn't find message for key walkthrough.step.python.learnMoreWithDS.title.
2024-02-04 20:16:17.914 [warning] [python]: Couldn't find message for key walkthrough.step.python.learnMoreWithDS.description2.
2024-02-04 20:16:17.915 [warning] [python]: Couldn't find message for key walkthrough.step.python.learnMoreWithDS.altText.
2024-02-04 20:16:17.915 [warning] [python]: Couldn't find message for key walkthrough.pythonDataScienceWelcome.title.
2024-02-04 20:16:17.916 [warning] [python]: Couldn't find message for key walkthrough.pythonDataScienceWelcome.description.
2024-02-04 20:16:17.920 [warning] [python]: Couldn't find message for key walkthrough.step.python.installJupyterExt.title.
2024-02-04 20:16:17.921 [warning] [python]: Couldn't find message for key walkthrough.step.python.installJupyterExt.description.
2024-02-04 20:16:17.922 [warning] [python]: Couldn't find message for key walkthrough.step.python.installJupyterExt.altText.
2024-02-04 20:16:17.922 [warning] [python]: Couldn't find message for key walkthrough.step.python.createNewNotebook.title.
2024-02-04 20:16:17.923 [warning] [python]: Couldn't find message for key walkthrough.step.python.createNewNotebook.description.
2024-02-04 20:16:17.924 [warning] [python]: Couldn't find message for key walkthrough.step.python.createNewNotebook.altText.
2024-02-04 20:16:17.925 [warning] [python]: Couldn't find message for key walkthrough.step.python.openInteractiveWindow.title.
2024-02-04 20:16:17.926 [warning] [python]: Couldn't find message for key walkthrough.step.python.openInteractiveWindow.description.
2024-02-04 20:16:17.926 [warning] [python]: Couldn't find message for key walkthrough.step.python.openInteractiveWindow.altText.
2024-02-04 20:16:17.926 [warning] [python]: Couldn't find message for key walkthrough.step.python.dataScienceLearnMore.title.
2024-02-04 20:16:17.927 [warning] [python]: Couldn't find message for key walkthrough.step.python.dataScienceLearnMore.description.
2024-02-04 20:16:17.927 [warning] [python]: Couldn't find message for key walkthrough.step.python.dataScienceLearnMore.altText.
2024-02-04 20:16:17.927 [warning] [python]: Couldn't find message for key python.command.python.createNewFile.title.
2024-02-04 20:16:17.928 [warning] [python]: Couldn't find message for key python.menu.createNewFile.title.
2024-02-04 20:16:17.928 [warning] [python]: Couldn't find message for key python.command.python.analysis.restartLanguageServer.title.
2024-02-04 20:16:17.931 [warning] [python]: Couldn't find message for key python.command.python.clearCacheAndReload.title.
2024-02-04 20:16:17.932 [warning] [python]: Couldn't find message for key python.command.python.clearWorkspaceInterpreter.title.
2024-02-04 20:16:17.932 [warning] [python]: Couldn't find message for key python.command.python.configureTests.title.
2024-02-04 20:16:17.933 [warning] [python]: Couldn't find message for key python.command.python.createTerminal.title.
2024-02-04 20:16:17.933 [warning] [python]: Couldn't find message for key python.command.python.createEnvironment.title.
2024-02-04 20:16:17.934 [warning] [python]: Couldn't find message for key python.command.python.createEnvironment.title.
2024-02-04 20:16:17.934 [warning] [python]: Couldn't find message for key python.command.python.enableSourceMapSupport.title.
2024-02-04 20:16:17.935 [warning] [python]: Couldn't find message for key python.command.python.execInTerminal.title.
2024-02-04 20:16:17.936 [warning] [python]: Couldn't find message for key python.command.python.execInTerminalIcon.title.
2024-02-04 20:16:17.936 [warning] [python]: Couldn't find message for key python.command.python.execInDedicatedTerminal.title.
2024-02-04 20:16:17.937 [warning] [python]: Couldn't find message for key python.command.python.debugInTerminal.title.
2024-02-04 20:16:17.937 [warning] [python]: Couldn't find message for key python.command.python.execSelectionInDjangoShell.title.
2024-02-04 20:16:17.937 [warning] [python]: Couldn't find message for key python.command.python.execSelectionInTerminal.title.
2024-02-04 20:16:17.938 [warning] [python]: Couldn't find message for key python.command.python.launchTensorBoard.title.
2024-02-04 20:16:17.938 [warning] [python]: Couldn't find message for key python.command.python.refreshTensorBoard.title.
2024-02-04 20:16:17.938 [warning] [python]: Couldn't find message for key python.command.python.reportIssue.title.
2024-02-04 20:16:17.939 [warning] [python]: Couldn't find message for key python.command.testing.rerunFailedTests.title.
2024-02-04 20:16:17.939 [warning] [python]: Couldn't find message for key python.command.python.setInterpreter.title.
2024-02-04 20:16:17.939 [warning] [python]: Couldn't find message for key python.command.python.startREPL.title.
2024-02-04 20:16:17.940 [warning] [python]: Couldn't find message for key python.command.python.viewLanguageServerOutput.title.
2024-02-04 20:16:17.940 [warning] [python]: Couldn't find message for key python.command.python.viewOutput.title.
2024-02-04 20:16:17.940 [warning] [python]: Couldn't find message for key python.command.python.installJupyter.title.
2024-02-04 20:16:17.941 [warning] [python]: Couldn't find message for key python.activeStateToolPath.description.
2024-02-04 20:16:17.941 [warning] [python]: Couldn't find message for key python.autoComplete.extraPaths.description.
2024-02-04 20:16:17.941 [warning] [python]: Couldn't find message for key python.createEnvironment.contentButton.description.
2024-02-04 20:16:17.942 [warning] [python]: Couldn't find message for key python.createEnvironment.trigger.description.
2024-02-04 20:16:17.942 [warning] [python]: Couldn't find message for key python.condaPath.description.
2024-02-04 20:16:17.942 [warning] [python]: Couldn't find message for key python.defaultInterpreterPath.description.
2024-02-04 20:16:17.945 [warning] [python]: Couldn't find message for key python.diagnostics.sourceMapsEnabled.description.
2024-02-04 20:16:17.945 [warning] [python]: Couldn't find message for key python.envFile.description.
2024-02-04 20:16:17.946 [warning] [python]: Couldn't find message for key python.experiments.enabled.description.
2024-02-04 20:16:17.946 [warning] [python]: Couldn't find message for key python.experiments.optInto.description.
2024-02-04 20:16:17.946 [warning] [python]: Couldn't find message for key python.experiments.All.description.
2024-02-04 20:16:17.947 [warning] [python]: Couldn't find message for key python.experiments.pythonSurveyNotification.description.
2024-02-04 20:16:17.947 [warning] [python]: Couldn't find message for key python.experiments.pythonPromptNewToolsExt.description.
2024-02-04 20:16:17.947 [warning] [python]: Couldn't find message for key python.experiments.pythonTerminalEnvVarActivation.description.
2024-02-04 20:16:17.947 [warning] [python]: Couldn't find message for key python.experiments.pythonDiscoveryUsingWorkers.description.
2024-02-04 20:16:17.948 [warning] [python]: Couldn't find message for key python.experiments.pythonTestAdapter.description.
2024-02-04 20:16:17.948 [warning] [python]: Couldn't find message for key python.experiments.pythonREPLSmartSend.description.
2024-02-04 20:16:17.948 [warning] [python]: Couldn't find message for key python.experiments.pythonRecommendTensorboardExt.description.
2024-02-04 20:16:17.949 [warning] [python]: Couldn't find message for key python.experiments.optOutFrom.description.
2024-02-04 20:16:17.949 [warning] [python]: Couldn't find message for key python.experiments.All.description.
2024-02-04 20:16:17.949 [warning] [python]: Couldn't find message for key python.experiments.pythonSurveyNotification.description.
2024-02-04 20:16:17.949 [warning] [python]: Couldn't find message for key python.experiments.pythonPromptNewToolsExt.description.
2024-02-04 20:16:17.950 [warning] [python]: Couldn't find message for key python.experiments.pythonTerminalEnvVarActivation.description.
2024-02-04 20:16:17.950 [warning] [python]: Couldn't find message for key python.experiments.pythonDiscoveryUsingWorkers.description.
2024-02-04 20:16:17.950 [warning] [python]: Couldn't find message for key python.experiments.pythonTestAdapter.description.
2024-02-04 20:16:17.950 [warning] [python]: Couldn't find message for key python.experiments.pythonREPLSmartSend.description.
2024-02-04 20:16:17.951 [warning] [python]: Couldn't find message for key python.globalModuleInstallation.description.
2024-02-04 20:16:17.951 [warning] [python]: Couldn't find message for key python.languageServer.description.
2024-02-04 20:16:17.951 [warning] [python]: Couldn't find message for key python.languageServer.defaultDescription.
2024-02-04 20:16:17.952 [warning] [python]: Couldn't find message for key python.languageServer.jediDescription.
2024-02-04 20:16:17.953 [warning] [python]: Couldn't find message for key python.languageServer.pylanceDescription.
2024-02-04 20:16:17.954 [warning] [python]: Couldn't find message for key python.languageServer.noneDescription.
2024-02-04 20:16:17.954 [warning] [python]: Couldn't find message for key python.interpreter.infoVisibility.description.
2024-02-04 20:16:17.954 [warning] [python]: Couldn't find message for key python.interpreter.infoVisibility.never.description.
2024-02-04 20:16:17.955 [warning] [python]: Couldn't find message for key python.interpreter.infoVisibility.onPythonRelated.description.
2024-02-04 20:16:17.955 [warning] [python]: Couldn't find message for key python.interpreter.infoVisibility.always.description.
2024-02-04 20:16:17.956 [warning] [python]: Couldn't find message for key python.logging.level.deprecation.
2024-02-04 20:16:17.956 [warning] [python]: Couldn't find message for key python.logging.level.description.
2024-02-04 20:16:17.956 [warning] [python]: Couldn't find message for key python.missingPackage.severity.description.
2024-02-04 20:16:17.957 [warning] [python]: Couldn't find message for key python.pipenvPath.description.
2024-02-04 20:16:17.957 [warning] [python]: Couldn't find message for key python.poetryPath.description.
2024-02-04 20:16:17.957 [warning] [python]: Couldn't find message for key python.tensorBoard.logDirectory.description.
2024-02-04 20:16:17.958 [warning] [python]: Couldn't find message for key python.tensorBoard.logDirectory.markdownDeprecationMessage.
2024-02-04 20:16:17.958 [warning] [python]: Couldn't find message for key python.tensorBoard.logDirectory.deprecationMessage.
2024-02-04 20:16:17.958 [warning] [python]: Couldn't find message for key python.terminal.activateEnvInCurrentTerminal.description.
2024-02-04 20:16:17.959 [warning] [python]: Couldn't find message for key python.terminal.activateEnvironment.description.
2024-02-04 20:16:17.959 [warning] [python]: Couldn't find message for key python.terminal.executeInFileDir.description.
2024-02-04 20:16:17.959 [warning] [python]: Couldn't find message for key python.terminal.focusAfterLaunch.description.
2024-02-04 20:16:17.960 [warning] [python]: Couldn't find message for key python.terminal.launchArgs.description.
2024-02-04 20:16:17.960 [warning] [python]: Couldn't find message for key python.EnableREPLSmartSend.description.
2024-02-04 20:16:17.960 [warning] [python]: Couldn't find message for key python.testing.autoTestDiscoverOnSaveEnabled.description.
2024-02-04 20:16:17.961 [warning] [python]: Couldn't find message for key python.testing.cwd.description.
2024-02-04 20:16:17.961 [warning] [python]: Couldn't find message for key python.testing.debugPort.description.
2024-02-04 20:16:17.962 [warning] [python]: Couldn't find message for key python.testing.promptToConfigure.description.
2024-02-04 20:16:17.962 [warning] [python]: Couldn't find message for key python.testing.pytestArgs.description.
2024-02-04 20:16:17.962 [warning] [python]: Couldn't find message for key python.testing.pytestEnabled.description.
2024-02-04 20:16:17.963 [warning] [python]: Couldn't find message for key python.testing.pytestPath.description.
2024-02-04 20:16:17.963 [warning] [python]: Couldn't find message for key python.testing.unittestArgs.description.
2024-02-04 20:16:17.963 [warning] [python]: Couldn't find message for key python.testing.unittestEnabled.description.
2024-02-04 20:16:17.964 [warning] [python]: Couldn't find message for key python.venvFolders.description.
2024-02-04 20:16:17.965 [warning] [python]: Couldn't find message for key python.venvPath.description.
2024-02-04 20:16:17.965 [warning] [python]: Couldn't find message for key python.command.python.analysis.restartLanguageServer.title.
2024-02-04 20:16:17.965 [warning] [python]: Couldn't find message for key python.command.python.clearCacheAndReload.title.
2024-02-04 20:16:17.966 [warning] [python]: Couldn't find message for key python.command.python.clearWorkspaceInterpreter.title.
2024-02-04 20:16:17.966 [warning] [python]: Couldn't find message for key python.command.python.configureTests.title.
2024-02-04 20:16:17.966 [warning] [python]: Couldn't find message for key python.command.python.createEnvironment.title.
2024-02-04 20:16:17.966 [warning] [python]: Couldn't find message for key python.command.python.createEnvironment.title.
2024-02-04 20:16:17.967 [warning] [python]: Couldn't find message for key python.command.python.createTerminal.title.
2024-02-04 20:16:17.967 [warning] [python]: Couldn't find message for key python.command.python.enableSourceMapSupport.title.
2024-02-04 20:16:17.967 [warning] [python]: Couldn't find message for key python.command.python.execInTerminal.title.
2024-02-04 20:16:17.968 [warning] [python]: Couldn't find message for key python.command.python.execInTerminalIcon.title.
2024-02-04 20:16:17.968 [warning] [python]: Couldn't find message for key python.command.python.execInDedicatedTerminal.title.
2024-02-04 20:16:17.968 [warning] [python]: Couldn't find message for key python.command.python.debugInTerminal.title.
2024-02-04 20:16:17.968 [warning] [python]: Couldn't find message for key python.command.python.execSelectionInDjangoShell.title.
2024-02-04 20:16:17.969 [warning] [python]: Couldn't find message for key python.command.python.execSelectionInTerminal.title.
2024-02-04 20:16:17.969 [warning] [python]: Couldn't find message for key python.command.python.launchTensorBoard.title.
2024-02-04 20:16:17.969 [warning] [python]: Couldn't find message for key python.command.python.refreshTensorBoard.title.
2024-02-04 20:16:17.969 [warning] [python]: Couldn't find message for key python.command.python.reportIssue.title.
2024-02-04 20:16:17.970 [warning] [python]: Couldn't find message for key python.command.testing.rerunFailedTests.title.
2024-02-04 20:16:17.970 [warning] [python]: Couldn't find message for key python.command.python.setInterpreter.title.
2024-02-04 20:16:17.970 [warning] [python]: Couldn't find message for key python.command.python.startREPL.title.
2024-02-04 20:16:17.970 [warning] [python]: Couldn't find message for key python.command.python.viewLanguageServerOutput.title.
2024-02-04 20:16:17.971 [warning] [python]: Couldn't find message for key python.command.python.viewOutput.title.
2024-02-04 20:16:17.971 [warning] [python]: Couldn't find message for key python.command.python.execInTerminalIcon.title.
2024-02-04 20:16:17.971 [warning] [python]: Couldn't find message for key python.command.python.execInDedicatedTerminal.title.
2024-02-04 20:16:17.972 [warning] [python]: Couldn't find message for key python.command.python.debugInTerminal.title.
2024-02-04 20:16:17.972 [warning] [python]: Couldn't find message for key python.editor.context.submenu.runPython.
2024-02-04 20:16:17.972 [warning] [python]: Couldn't find message for key python.editor.context.submenu.runPythonInteractive.
2024-02-04 20:16:19.133 [info] Deleted uninstalled extension from disk ms-python.python /home/squarewinter/.vscode-oss/extensions/ms-python.python-2023.22.1-universal
