2024-02-05 18:32:33.128 [info] Telemetry level is off
2024-02-05 18:32:33.128 [info] Experiments are disabled, only manually opted experiments are active.
2024-02-05 18:32:33.128 [info] Default formatter is set to null for workspace /home/squarewinter/programming/python/wallpaper_selector
2024-02-05 18:32:33.141 [info] Test server listening.
2024-02-05 18:32:33.198 [info] > conda info --json
2024-02-05 18:32:33.587 [warning] Retry failed, storage update failed for key PYTHON_GLOBAL_STORAGE_KEYS
2024-02-05 18:32:35.390 [info] > ~/miniconda3/envs/wallpaper_scripts/bin/python -I ~/.vscode-oss/extensions/ms-python.python-2024.0.0-universal/pythonFiles/get_output_via_markers.py ~/.vscode-oss/extensions/ms-python.python-2024.0.0-universal/pythonFiles/interpreterInfo.py
2024-02-05 18:32:35.484 [info] VS Code was launched from an activated environment: 'wallpaper_scripts', selecting it as the interpreter for workspace.
2024-02-05 18:32:35.488 [info] Python interpreter path: ~/miniconda3/envs/wallpaper_scripts/bin/python
2024-02-05 18:32:35.497 [warning] Failed to check if /home/squarewinter/miniconda3/envs/wallpaper_script/bin/python is an executable [Error: ENOENT: no such file or directory, lstat '/home/squarewinter/miniconda3/envs/wallpaper_script/bin/python'] {
  errno: -2,
  code: 'ENOENT',
  syscall: 'lstat',
  path: '/home/squarewinter/miniconda3/envs/wallpaper_script/bin/python'
}
2024-02-05 18:32:35.499 [warning] Failed to check if /home/squarewinter/miniconda3/envs/wallpaper_script/bin/python is an executable [Error: ENOENT: no such file or directory, lstat '/home/squarewinter/miniconda3/envs/wallpaper_script/bin/python'] {
  errno: -2,
  code: 'ENOENT',
  syscall: 'lstat',
  path: '/home/squarewinter/miniconda3/envs/wallpaper_script/bin/python'
}
2024-02-05 18:32:35.503 [warning] Identifier for virt-virtualenv failed to identify /home/squarewinter/miniconda3/envs/wallpaper_script/bin/python [Error: ENOENT: no such file or directory, scandir '/home/squarewinter/miniconda3/envs/wallpaper_script/bin'] {
  errno: -2,
  code: 'ENOENT',
  syscall: 'scandir',
  path: '/home/squarewinter/miniconda3/envs/wallpaper_script/bin'
}
2024-02-05 18:32:35.504 [warning] Identifier for virt-virtualenv failed to identify /home/squarewinter/miniconda3/envs/wallpaper_script/bin/python [Error: ENOENT: no such file or directory, scandir '/home/squarewinter/miniconda3/envs/wallpaper_script/bin'] {
  errno: -2,
  code: 'ENOENT',
  syscall: 'scandir',
  path: '/home/squarewinter/miniconda3/envs/wallpaper_script/bin'
}
2024-02-05 18:32:35.524 [info] > ~/miniconda3/envs/wallpaper_script/bin/python -I ~/.vscode-oss/extensions/ms-python.python-2024.0.0-universal/pythonFiles/get_output_via_markers.py ~/.vscode-oss/extensions/ms-python.python-2024.0.0-universal/pythonFiles/interpreterInfo.py
2024-02-05 18:32:35.536 [error] [Error: Command failed: /home/squarewinter/miniconda3/envs/wallpaper_script/bin/python -I /home/squarewinter/.vscode-oss/extensions/ms-python.python-2024.0.0-universal/pythonFiles/get_output_via_markers.py /home/squarewinter/.vscode-oss/extensions/ms-python.python-2024.0.0-universal/pythonFiles/interpreterInfo.py
/bin/sh: line 1: /home/squarewinter/miniconda3/envs/wallpaper_script/bin/python: No such file or directory

	at ChildProcess.exithandler (node:child_process:430:12)
	at ChildProcess.emit (node:events:525:35)
	at maybeClose (node:internal/child_process:1091:16)
	at Socket.<anonymous> (node:internal/child_process:449:11)
	at Socket.emit (node:events:513:28)
	at Pipe.<anonymous> (node:net:322:12)] {
  code: 127,
  killed: false,
  signal: null,
  cmd: '/home/squarewinter/miniconda3/envs/wallpaper_script/bin/python -I /home/squarewinter/.vscode-oss/extensions/ms-python.python-2024.0.0-universal/pythonFiles/get_output_via_markers.py /home/squarewinter/.vscode-oss/extensions/ms-python.python-2024.0.0-universal/pythonFiles/interpreterInfo.py'
}
2024-02-05 18:32:35.587 [info] Discover tests for workspace name: wallpaper_selector - uri: /home/squarewinter/programming/python/wallpaper_selector
2024-02-05 18:32:37.535 [info] Starting Jedi language server for wallpaper_selector.
2024-02-05 18:32:37.547 [info] > ~/miniconda3/envs/wallpaper_script/bin/python -I ~/.vscode-oss/extensions/ms-python.python-2024.0.0-universal/pythonFiles/get_output_via_markers.py ~/.vscode-oss/extensions/ms-python.python-2024.0.0-universal/pythonFiles/interpreterInfo.py
2024-02-05 18:32:37.557 [error] [Error: Command failed: /home/squarewinter/miniconda3/envs/wallpaper_script/bin/python -I /home/squarewinter/.vscode-oss/extensions/ms-python.python-2024.0.0-universal/pythonFiles/get_output_via_markers.py /home/squarewinter/.vscode-oss/extensions/ms-python.python-2024.0.0-universal/pythonFiles/interpreterInfo.py
/bin/sh: line 1: /home/squarewinter/miniconda3/envs/wallpaper_script/bin/python: No such file or directory

	at ChildProcess.exithandler (node:child_process:430:12)
	at ChildProcess.emit (node:events:525:35)
	at maybeClose (node:internal/child_process:1091:16)
	at Socket.<anonymous> (node:internal/child_process:449:11)
	at Socket.emit (node:events:513:28)
	at Pipe.<anonymous> (node:net:322:12)] {
  code: 127,
  killed: false,
  signal: null,
  cmd: '/home/squarewinter/miniconda3/envs/wallpaper_script/bin/python -I /home/squarewinter/.vscode-oss/extensions/ms-python.python-2024.0.0-universal/pythonFiles/get_output_via_markers.py /home/squarewinter/.vscode-oss/extensions/ms-python.python-2024.0.0-universal/pythonFiles/interpreterInfo.py'
}
2024-02-05 18:32:38.836 [info] Starting Jedi language server for wallpaper_selector.
2024-02-05 18:32:39.936 [info] Found: /bin/python --> /bin/python3.11
2024-02-05 18:32:39.937 [info] Found: /bin/python3 --> /bin/python3.11
2024-02-05 18:32:39.950 [info] > /bin/python -I ~/.vscode-oss/extensions/ms-python.python-2024.0.0-universal/pythonFiles/get_output_via_markers.py ~/.vscode-oss/extensions/ms-python.python-2024.0.0-universal/pythonFiles/interpreterInfo.py
2024-02-05 18:32:39.951 [info] Found: /bin/python3.11 --> /bin/python3.11
2024-02-05 18:32:39.979 [info] > ~/miniconda3/bin/python -I ~/.vscode-oss/extensions/ms-python.python-2024.0.0-universal/pythonFiles/get_output_via_markers.py ~/.vscode-oss/extensions/ms-python.python-2024.0.0-universal/pythonFiles/interpreterInfo.py
2024-02-05 18:32:40.026 [info] Found: /sbin/python --> /sbin/python3.11
2024-02-05 18:32:40.027 [info] Found: /sbin/python3 --> /sbin/python3.11
2024-02-05 18:32:40.028 [info] Found: /sbin/python3.11 --> /sbin/python3.11
2024-02-05 18:32:40.040 [info] Found: /usr/bin/python --> /usr/bin/python3.11
2024-02-05 18:32:40.041 [info] Found: /usr/bin/python3 --> /usr/bin/python3.11
2024-02-05 18:32:40.041 [info] Found: /usr/bin/python3.11 --> /usr/bin/python3.11
2024-02-05 18:32:40.100 [info] > ~/miniconda3/envs/miscellanious/bin/python -I ~/.vscode-oss/extensions/ms-python.python-2024.0.0-universal/pythonFiles/get_output_via_markers.py ~/.vscode-oss/extensions/ms-python.python-2024.0.0-universal/pythonFiles/interpreterInfo.py
2024-02-05 18:32:40.115 [info] Found: /usr/sbin/python --> /usr/sbin/python3.11
2024-02-05 18:32:40.115 [info] Found: /usr/sbin/python3 --> /usr/sbin/python3.11
2024-02-05 18:32:40.115 [info] Found: /usr/sbin/python3.11 --> /usr/sbin/python3.11
2024-02-05 18:32:40.120 [info] Found: /home/squarewinter/miniconda3/envs/wallpaper_scripts/bin/python --> /home/squarewinter/miniconda3/envs/wallpaper_scripts/bin/python3.10
2024-02-05 18:32:40.120 [info] Found: /home/squarewinter/miniconda3/envs/wallpaper_scripts/bin/python3 --> /home/squarewinter/miniconda3/envs/wallpaper_scripts/bin/python3.10
2024-02-05 18:32:40.121 [info] Found: /home/squarewinter/miniconda3/envs/wallpaper_scripts/bin/python3.1 --> /home/squarewinter/miniconda3/envs/wallpaper_scripts/bin/python3.10
2024-02-05 18:32:40.121 [info] Found: /home/squarewinter/miniconda3/envs/wallpaper_scripts/bin/python3.10 --> /home/squarewinter/miniconda3/envs/wallpaper_scripts/bin/python3.10
2024-02-05 18:32:40.148 [info] > /sbin/python -I ~/.vscode-oss/extensions/ms-python.python-2024.0.0-universal/pythonFiles/get_output_via_markers.py ~/.vscode-oss/extensions/ms-python.python-2024.0.0-universal/pythonFiles/interpreterInfo.py
2024-02-05 18:32:40.199 [info] > /usr/bin/python -I ~/.vscode-oss/extensions/ms-python.python-2024.0.0-universal/pythonFiles/get_output_via_markers.py ~/.vscode-oss/extensions/ms-python.python-2024.0.0-universal/pythonFiles/interpreterInfo.py
2024-02-05 18:32:40.232 [info] > /usr/sbin/python -I ~/.vscode-oss/extensions/ms-python.python-2024.0.0-universal/pythonFiles/get_output_via_markers.py ~/.vscode-oss/extensions/ms-python.python-2024.0.0-universal/pythonFiles/interpreterInfo.py
2024-02-05 18:32:47.887 [info] Starting Jedi language server for wallpaper_selector.
2024-02-05 18:32:50.197 [info] Send text to terminal: conda activate wallpaper_scripts
2024-02-05 18:32:50.699 [info] Send text to terminal: /home/squarewinter/miniconda3/envs/wallpaper_scripts/bin/python /home/squarewinter/programming/python/wallpaper_selector/app.py
2024-02-05 18:34:36.277 [info] Send text to terminal: /home/squarewinter/miniconda3/envs/wallpaper_scripts/bin/python /home/squarewinter/programming/python/wallpaper_selector/app.py
2024-02-05 18:34:36.503 [info] Discover tests for workspace name: wallpaper_selector - uri: /home/squarewinter/programming/python/wallpaper_selector/app.py
2024-02-05 18:34:50.220 [info] Send text to terminal: /home/squarewinter/miniconda3/envs/wallpaper_scripts/bin/python /home/squarewinter/programming/python/wallpaper_selector/app.py
2024-02-05 18:34:50.451 [info] Discover tests for workspace name: wallpaper_selector - uri: /home/squarewinter/programming/python/wallpaper_selector/app.py
2024-02-05 18:35:05.098 [info] Send text to terminal: /home/squarewinter/miniconda3/envs/wallpaper_scripts/bin/python /home/squarewinter/programming/python/wallpaper_selector/app.py
2024-02-05 18:36:46.894 [info] Send text to terminal: /home/squarewinter/miniconda3/envs/wallpaper_scripts/bin/python /home/squarewinter/programming/python/wallpaper_selector/app.py
2024-02-05 18:36:47.123 [info] Discover tests for workspace name: wallpaper_selector - uri: /home/squarewinter/programming/python/wallpaper_selector/app.py
2024-02-05 18:36:49.011 [info] Send text to terminal: /home/squarewinter/miniconda3/envs/wallpaper_scripts/bin/python /home/squarewinter/programming/python/wallpaper_selector/app.py
2024-02-05 18:36:49.963 [info] Send text to terminal: /home/squarewinter/miniconda3/envs/wallpaper_scripts/bin/python /home/squarewinter/programming/python/wallpaper_selector/app.py
